2025-05-26 17:49:19 | [  INFO  ] | [32m[32mStarting generating 100 iterations of dataset with each containing 200 conversations[0m[0m
2025-05-26 17:49:31 | [  INFO  ] | [32m[32m==================================================[0m[0m
2025-05-26 17:49:31 | [  INFO  ] | [32m[32m🔢 Average tokens per entry: 149.61[0m[0m
2025-05-26 17:49:31 | [  INFO  ] | [32m[32m📈 Max tokens in an entry: 225[0m[0m
2025-05-26 17:49:31 | [  INFO  ] | [32m[32m📉 Min tokens in an entry: 76[0m[0m
2025-05-26 17:49:31 | [  INFO  ] | [32m[32m🧮 Total tokens: 29922[0m[0m
2025-05-26 17:49:31 | [  INFO  ] | [32m[32m==================================================[0m[0m
2025-05-26 17:49:31 | [  INFO  ] | [32m[32m🔢 Average tokens per entry: 154.99[0m[0m
2025-05-26 17:49:31 | [  INFO  ] | [32m[32m📈 Max tokens in an entry: 225[0m[0m
2025-05-26 17:49:31 | [  INFO  ] | [32m[32m📉 Min tokens in an entry: 76[0m[0m
2025-05-26 17:49:31 | [  INFO  ] | [32m[32m🧮 Total tokens: 30998[0m[0m
2025-05-26 17:49:31 | [  INFO  ] | [32m[32m==================================================[0m[0m
2025-05-26 17:49:31 | [  INFO  ] | [32m[32m🔢 Average tokens per entry: 153.20[0m[0m
2025-05-26 17:49:31 | [  INFO  ] | [32m[32m📈 Max tokens in an entry: 225[0m[0m
2025-05-26 17:49:31 | [  INFO  ] | [32m[32m📉 Min tokens in an entry: 77[0m[0m
2025-05-26 17:49:31 | [  INFO  ] | [32m[32m🧮 Total tokens: 30640[0m[0m
2025-05-26 17:49:31 | [  INFO  ] | [32m[32m==================================================[0m[0m
2025-05-26 17:49:31 | [  INFO  ] | [32m[32m🔢 Average tokens per entry: 149.82[0m[0m
2025-05-26 17:49:31 | [  INFO  ] | [32m[32m📈 Max tokens in an entry: 225[0m[0m
2025-05-26 17:49:31 | [  INFO  ] | [32m[32m📉 Min tokens in an entry: 76[0m[0m
2025-05-26 17:49:31 | [  INFO  ] | [32m[32m🧮 Total tokens: 29965[0m[0m
2025-05-26 17:49:31 | [  INFO  ] | [32m[32m==================================================[0m[0m
2025-05-26 17:49:31 | [  INFO  ] | [32m[32m🔢 Average tokens per entry: 153.75[0m[0m
2025-05-26 17:49:31 | [  INFO  ] | [32m[32m📈 Max tokens in an entry: 225[0m[0m
2025-05-26 17:49:31 | [  INFO  ] | [32m[32m📉 Min tokens in an entry: 76[0m[0m
2025-05-26 17:49:31 | [  INFO  ] | [32m[32m🧮 Total tokens: 30751[0m[0m
2025-05-26 17:49:31 | [  INFO  ] | [32m[32m==================================================[0m[0m
2025-05-26 17:49:31 | [  INFO  ] | [32m[32m🔢 Average tokens per entry: 150.97[0m[0m
2025-05-26 17:49:31 | [  INFO  ] | [32m[32m📈 Max tokens in an entry: 224[0m[0m
2025-05-26 17:49:31 | [  INFO  ] | [32m[32m📉 Min tokens in an entry: 76[0m[0m
2025-05-26 17:49:31 | [  INFO  ] | [32m[32m🧮 Total tokens: 30193[0m[0m
2025-05-26 17:49:31 | [  INFO  ] | [32m[32m==================================================[0m[0m
2025-05-26 17:49:31 | [  INFO  ] | [32m[32m🔢 Average tokens per entry: 151.63[0m[0m
2025-05-26 17:49:31 | [  INFO  ] | [32m[32m📈 Max tokens in an entry: 224[0m[0m
2025-05-26 17:49:31 | [  INFO  ] | [32m[32m📉 Min tokens in an entry: 76[0m[0m
2025-05-26 17:49:31 | [  INFO  ] | [32m[32m🧮 Total tokens: 30326[0m[0m
2025-05-26 17:49:31 | [  INFO  ] | [32m[32m==================================================[0m[0m
2025-05-26 17:49:31 | [  INFO  ] | [32m[32m🔢 Average tokens per entry: 144.87[0m[0m
2025-05-26 17:49:31 | [  INFO  ] | [32m[32m📈 Max tokens in an entry: 224[0m[0m
2025-05-26 17:49:31 | [  INFO  ] | [32m[32m📉 Min tokens in an entry: 78[0m[0m
2025-05-26 17:49:31 | [  INFO  ] | [32m[32m🧮 Total tokens: 28973[0m[0m
2025-05-26 17:49:31 | [  INFO  ] | [32m[32m==================================================[0m[0m
2025-05-26 17:49:31 | [  INFO  ] | [32m[32m🔢 Average tokens per entry: 148.75[0m[0m
2025-05-26 17:49:31 | [  INFO  ] | [32m[32m📈 Max tokens in an entry: 224[0m[0m
2025-05-26 17:49:31 | [  INFO  ] | [32m[32m📉 Min tokens in an entry: 78[0m[0m
2025-05-26 17:49:31 | [  INFO  ] | [32m[32m🧮 Total tokens: 29750[0m[0m
2025-05-26 17:49:31 | [  INFO  ] | [32m[32m==================================================[0m[0m
2025-05-26 17:49:31 | [  INFO  ] | [32m[32m🔢 Average tokens per entry: 150.18[0m[0m
2025-05-26 17:49:31 | [  INFO  ] | [32m[32m📈 Max tokens in an entry: 223[0m[0m
2025-05-26 17:49:31 | [  INFO  ] | [32m[32m📉 Min tokens in an entry: 76[0m[0m
2025-05-26 17:49:31 | [  INFO  ] | [32m[32m🧮 Total tokens: 30035[0m[0m
2025-05-26 17:49:31 | [  INFO  ] | [32m[32m==================================================[0m[0m
2025-05-26 17:49:31 | [  INFO  ] | [32m[32m🔢 Average tokens per entry: 150.31[0m[0m
2025-05-26 17:49:31 | [  INFO  ] | [32m[32m📈 Max tokens in an entry: 226[0m[0m
2025-05-26 17:49:31 | [  INFO  ] | [32m[32m📉 Min tokens in an entry: 77[0m[0m
2025-05-26 17:49:31 | [  INFO  ] | [32m[32m🧮 Total tokens: 30062[0m[0m
2025-05-26 17:49:31 | [  INFO  ] | [32m[32m==================================================[0m[0m
2025-05-26 17:49:31 | [  INFO  ] | [32m[32m🔢 Average tokens per entry: 151.08[0m[0m
2025-05-26 17:49:31 | [  INFO  ] | [32m[32m📈 Max tokens in an entry: 218[0m[0m
2025-05-26 17:49:31 | [  INFO  ] | [32m[32m📉 Min tokens in an entry: 76[0m[0m
2025-05-26 17:49:31 | [  INFO  ] | [32m[32m🧮 Total tokens: 30216[0m[0m
2025-05-26 17:49:31 | [  INFO  ] | [32m[32m==================================================[0m[0m
2025-05-26 17:49:31 | [  INFO  ] | [32m[32m🔢 Average tokens per entry: 149.85[0m[0m
2025-05-26 17:49:31 | [  INFO  ] | [32m[32m📈 Max tokens in an entry: 225[0m[0m
2025-05-26 17:49:31 | [  INFO  ] | [32m[32m📉 Min tokens in an entry: 79[0m[0m
2025-05-26 17:49:31 | [  INFO  ] | [32m[32m🧮 Total tokens: 29971[0m[0m
2025-05-26 17:49:31 | [  INFO  ] | [32m[32m==================================================[0m[0m
2025-05-26 17:49:31 | [  INFO  ] | [32m[32m🔢 Average tokens per entry: 148.74[0m[0m
2025-05-26 17:49:31 | [  INFO  ] | [32m[32m📈 Max tokens in an entry: 224[0m[0m
2025-05-26 17:49:31 | [  INFO  ] | [32m[32m📉 Min tokens in an entry: 76[0m[0m
2025-05-26 17:49:31 | [  INFO  ] | [32m[32m🧮 Total tokens: 29748[0m[0m
2025-05-26 17:49:31 | [  INFO  ] | [32m[32m==================================================[0m[0m
2025-05-26 17:49:31 | [  INFO  ] | [32m[32m🔢 Average tokens per entry: 151.16[0m[0m
2025-05-26 17:49:31 | [  INFO  ] | [32m[32m📈 Max tokens in an entry: 225[0m[0m
2025-05-26 17:49:31 | [  INFO  ] | [32m[32m📉 Min tokens in an entry: 76[0m[0m
2025-05-26 17:49:31 | [  INFO  ] | [32m[32m🧮 Total tokens: 30232[0m[0m
2025-05-26 17:49:31 | [  INFO  ] | [32m[32m==================================================[0m[0m
2025-05-26 17:49:31 | [  INFO  ] | [32m[32m🔢 Average tokens per entry: 147.40[0m[0m
2025-05-26 17:49:31 | [  INFO  ] | [32m[32m📈 Max tokens in an entry: 224[0m[0m
2025-05-26 17:49:31 | [  INFO  ] | [32m[32m📉 Min tokens in an entry: 77[0m[0m
2025-05-26 17:49:31 | [  INFO  ] | [32m[32m🧮 Total tokens: 29479[0m[0m
2025-05-26 17:49:31 | [  INFO  ] | [32m[32m==================================================[0m[0m
2025-05-26 17:49:31 | [  INFO  ] | [32m[32m🔢 Average tokens per entry: 152.45[0m[0m
2025-05-26 17:49:31 | [  INFO  ] | [32m[32m📈 Max tokens in an entry: 224[0m[0m
2025-05-26 17:49:31 | [  INFO  ] | [32m[32m📉 Min tokens in an entry: 76[0m[0m
2025-05-26 17:49:31 | [  INFO  ] | [32m[32m🧮 Total tokens: 30490[0m[0m
2025-05-26 17:49:31 | [  INFO  ] | [32m[32m==================================================[0m[0m
2025-05-26 17:49:31 | [  INFO  ] | [32m[32m🔢 Average tokens per entry: 147.44[0m[0m
2025-05-26 17:49:31 | [  INFO  ] | [32m[32m📈 Max tokens in an entry: 224[0m[0m
2025-05-26 17:49:31 | [  INFO  ] | [32m[32m📉 Min tokens in an entry: 76[0m[0m
2025-05-26 17:49:31 | [  INFO  ] | [32m[32m🧮 Total tokens: 29489[0m[0m
2025-05-26 17:49:31 | [  INFO  ] | [32m[32m==================================================[0m[0m
2025-05-26 17:49:31 | [  INFO  ] | [32m[32m🔢 Average tokens per entry: 150.32[0m[0m
2025-05-26 17:49:31 | [  INFO  ] | [32m[32m📈 Max tokens in an entry: 225[0m[0m
2025-05-26 17:49:31 | [  INFO  ] | [32m[32m📉 Min tokens in an entry: 77[0m[0m
2025-05-26 17:49:31 | [  INFO  ] | [32m[32m🧮 Total tokens: 30065[0m[0m
2025-05-26 17:49:31 | [  INFO  ] | [32m[32m==================================================[0m[0m
2025-05-26 17:49:31 | [  INFO  ] | [32m[32m🔢 Average tokens per entry: 150.06[0m[0m
2025-05-26 17:49:31 | [  INFO  ] | [32m[32m📈 Max tokens in an entry: 225[0m[0m
2025-05-26 17:49:31 | [  INFO  ] | [32m[32m📉 Min tokens in an entry: 76[0m[0m
2025-05-26 17:49:31 | [  INFO  ] | [32m[32m🧮 Total tokens: 30012[0m[0m
2025-05-26 17:49:31 | [  INFO  ] | [32m[32m==================================================[0m[0m
2025-05-26 17:49:31 | [  INFO  ] | [32m[32m🔢 Average tokens per entry: 145.85[0m[0m
2025-05-26 17:49:31 | [  INFO  ] | [32m[32m📈 Max tokens in an entry: 225[0m[0m
2025-05-26 17:49:31 | [  INFO  ] | [32m[32m📉 Min tokens in an entry: 76[0m[0m
2025-05-26 17:49:31 | [  INFO  ] | [32m[32m🧮 Total tokens: 29171[0m[0m
2025-05-26 17:49:31 | [  INFO  ] | [32m[32m==================================================[0m[0m
2025-05-26 17:49:31 | [  INFO  ] | [32m[32m🔢 Average tokens per entry: 152.09[0m[0m
2025-05-26 17:49:31 | [  INFO  ] | [32m[32m📈 Max tokens in an entry: 224[0m[0m
2025-05-26 17:49:31 | [  INFO  ] | [32m[32m📉 Min tokens in an entry: 76[0m[0m
2025-05-26 17:49:31 | [  INFO  ] | [32m[32m🧮 Total tokens: 30418[0m[0m
2025-05-26 17:49:31 | [  INFO  ] | [32m[32m==================================================[0m[0m
2025-05-26 17:49:31 | [  INFO  ] | [32m[32m🔢 Average tokens per entry: 146.69[0m[0m
2025-05-26 17:49:31 | [  INFO  ] | [32m[32m📈 Max tokens in an entry: 224[0m[0m
2025-05-26 17:49:31 | [  INFO  ] | [32m[32m📉 Min tokens in an entry: 76[0m[0m
2025-05-26 17:49:31 | [  INFO  ] | [32m[32m🧮 Total tokens: 29339[0m[0m
2025-05-26 17:49:31 | [  INFO  ] | [32m[32m==================================================[0m[0m
2025-05-26 17:49:31 | [  INFO  ] | [32m[32m🔢 Average tokens per entry: 145.40[0m[0m
2025-05-26 17:49:31 | [  INFO  ] | [32m[32m📈 Max tokens in an entry: 225[0m[0m
2025-05-26 17:49:31 | [  INFO  ] | [32m[32m📉 Min tokens in an entry: 78[0m[0m
2025-05-26 17:49:31 | [  INFO  ] | [32m[32m🧮 Total tokens: 29079[0m[0m
2025-05-26 17:49:31 | [  INFO  ] | [32m[32m==================================================[0m[0m
2025-05-26 17:49:31 | [  INFO  ] | [32m[32m🔢 Average tokens per entry: 148.72[0m[0m
2025-05-26 17:49:31 | [  INFO  ] | [32m[32m📈 Max tokens in an entry: 225[0m[0m
2025-05-26 17:49:31 | [  INFO  ] | [32m[32m📉 Min tokens in an entry: 76[0m[0m
2025-05-26 17:49:31 | [  INFO  ] | [32m[32m🧮 Total tokens: 29745[0m[0m
2025-05-26 17:49:31 | [  INFO  ] | [32m[32m==================================================[0m[0m
2025-05-26 17:49:31 | [  INFO  ] | [32m[32m🔢 Average tokens per entry: 150.01[0m[0m
2025-05-26 17:49:31 | [  INFO  ] | [32m[32m📈 Max tokens in an entry: 224[0m[0m
2025-05-26 17:49:31 | [  INFO  ] | [32m[32m📉 Min tokens in an entry: 76[0m[0m
2025-05-26 17:49:31 | [  INFO  ] | [32m[32m🧮 Total tokens: 30002[0m[0m
2025-05-26 17:49:31 | [  INFO  ] | [32m[32m==================================================[0m[0m
2025-05-26 17:49:31 | [  INFO  ] | [32m[32m🔢 Average tokens per entry: 147.40[0m[0m
2025-05-26 17:49:31 | [  INFO  ] | [32m[32m📈 Max tokens in an entry: 224[0m[0m
2025-05-26 17:49:31 | [  INFO  ] | [32m[32m📉 Min tokens in an entry: 77[0m[0m
2025-05-26 17:49:31 | [  INFO  ] | [32m[32m🧮 Total tokens: 29479[0m[0m
2025-05-26 17:49:31 | [  INFO  ] | [32m[32m==================================================[0m[0m
2025-05-26 17:49:31 | [  INFO  ] | [32m[32m🔢 Average tokens per entry: 149.80[0m[0m
2025-05-26 17:49:31 | [  INFO  ] | [32m[32m📈 Max tokens in an entry: 224[0m[0m
2025-05-26 17:49:31 | [  INFO  ] | [32m[32m📉 Min tokens in an entry: 76[0m[0m
2025-05-26 17:49:31 | [  INFO  ] | [32m[32m🧮 Total tokens: 29960[0m[0m
2025-05-26 17:49:31 | [  INFO  ] | [32m[32m==================================================[0m[0m
2025-05-26 17:49:31 | [  INFO  ] | [32m[32m🔢 Average tokens per entry: 153.81[0m[0m
2025-05-26 17:49:31 | [  INFO  ] | [32m[32m📈 Max tokens in an entry: 225[0m[0m
2025-05-26 17:49:31 | [  INFO  ] | [32m[32m📉 Min tokens in an entry: 76[0m[0m
2025-05-26 17:49:31 | [  INFO  ] | [32m[32m🧮 Total tokens: 30763[0m[0m
2025-05-26 17:49:31 | [  INFO  ] | [32m[32m==================================================[0m[0m
2025-05-26 17:49:31 | [  INFO  ] | [32m[32m🔢 Average tokens per entry: 147.88[0m[0m
2025-05-26 17:49:31 | [  INFO  ] | [32m[32m📈 Max tokens in an entry: 219[0m[0m
2025-05-26 17:49:31 | [  INFO  ] | [32m[32m📉 Min tokens in an entry: 77[0m[0m
2025-05-26 17:49:31 | [  INFO  ] | [32m[32m🧮 Total tokens: 29576[0m[0m
2025-05-26 17:49:31 | [  INFO  ] | [32m[32m==================================================[0m[0m
2025-05-26 17:49:31 | [  INFO  ] | [32m[32m🔢 Average tokens per entry: 152.11[0m[0m
2025-05-26 17:49:31 | [  INFO  ] | [32m[32m📈 Max tokens in an entry: 218[0m[0m
2025-05-26 17:49:31 | [  INFO  ] | [32m[32m📉 Min tokens in an entry: 76[0m[0m
2025-05-26 17:49:31 | [  INFO  ] | [32m[32m🧮 Total tokens: 30422[0m[0m
2025-05-26 17:49:31 | [  INFO  ] | [32m[32m==================================================[0m[0m
2025-05-26 17:49:31 | [  INFO  ] | [32m[32m🔢 Average tokens per entry: 152.47[0m[0m
2025-05-26 17:49:31 | [  INFO  ] | [32m[32m📈 Max tokens in an entry: 226[0m[0m
2025-05-26 17:49:31 | [  INFO  ] | [32m[32m📉 Min tokens in an entry: 76[0m[0m
2025-05-26 17:49:31 | [  INFO  ] | [32m[32m🧮 Total tokens: 30494[0m[0m
2025-05-26 17:49:31 | [  INFO  ] | [32m[32m==================================================[0m[0m
2025-05-26 17:49:31 | [  INFO  ] | [32m[32m🔢 Average tokens per entry: 149.18[0m[0m
2025-05-26 17:49:31 | [  INFO  ] | [32m[32m📈 Max tokens in an entry: 219[0m[0m
2025-05-26 17:49:31 | [  INFO  ] | [32m[32m📉 Min tokens in an entry: 76[0m[0m
2025-05-26 17:49:31 | [  INFO  ] | [32m[32m🧮 Total tokens: 29836[0m[0m
2025-05-26 17:49:31 | [  INFO  ] | [32m[32m==================================================[0m[0m
2025-05-26 17:49:31 | [  INFO  ] | [32m[32m🔢 Average tokens per entry: 150.91[0m[0m
2025-05-26 17:49:31 | [  INFO  ] | [32m[32m📈 Max tokens in an entry: 225[0m[0m
2025-05-26 17:49:31 | [  INFO  ] | [32m[32m📉 Min tokens in an entry: 76[0m[0m
2025-05-26 17:49:31 | [  INFO  ] | [32m[32m🧮 Total tokens: 30182[0m[0m
2025-05-26 17:49:31 | [  INFO  ] | [32m[32m==================================================[0m[0m
2025-05-26 17:49:31 | [  INFO  ] | [32m[32m🔢 Average tokens per entry: 146.78[0m[0m
2025-05-26 17:49:31 | [  INFO  ] | [32m[32m📈 Max tokens in an entry: 224[0m[0m
2025-05-26 17:49:31 | [  INFO  ] | [32m[32m📉 Min tokens in an entry: 76[0m[0m
2025-05-26 17:49:31 | [  INFO  ] | [32m[32m🧮 Total tokens: 29357[0m[0m
2025-05-26 17:49:31 | [  INFO  ] | [32m[32m==================================================[0m[0m
2025-05-26 17:49:31 | [  INFO  ] | [32m[32m🔢 Average tokens per entry: 152.40[0m[0m
2025-05-26 17:49:31 | [  INFO  ] | [32m[32m📈 Max tokens in an entry: 224[0m[0m
2025-05-26 17:49:31 | [  INFO  ] | [32m[32m📉 Min tokens in an entry: 77[0m[0m
2025-05-26 17:49:31 | [  INFO  ] | [32m[32m🧮 Total tokens: 30480[0m[0m
2025-05-26 17:49:31 | [  INFO  ] | [32m[32m==================================================[0m[0m
2025-05-26 17:49:31 | [  INFO  ] | [32m[32m🔢 Average tokens per entry: 150.12[0m[0m
2025-05-26 17:49:31 | [  INFO  ] | [32m[32m📈 Max tokens in an entry: 226[0m[0m
2025-05-26 17:49:31 | [  INFO  ] | [32m[32m📉 Min tokens in an entry: 76[0m[0m
2025-05-26 17:49:31 | [  INFO  ] | [32m[32m🧮 Total tokens: 30023[0m[0m
2025-05-26 17:49:31 | [  INFO  ] | [32m[32m==================================================[0m[0m
2025-05-26 17:49:31 | [  INFO  ] | [32m[32m🔢 Average tokens per entry: 147.62[0m[0m
2025-05-26 17:49:31 | [  INFO  ] | [32m[32m📈 Max tokens in an entry: 224[0m[0m
2025-05-26 17:49:31 | [  INFO  ] | [32m[32m📉 Min tokens in an entry: 76[0m[0m
2025-05-26 17:49:31 | [  INFO  ] | [32m[32m🧮 Total tokens: 29523[0m[0m
2025-05-26 17:49:31 | [  INFO  ] | [32m[32m==================================================[0m[0m
2025-05-26 17:49:31 | [  INFO  ] | [32m[32m🔢 Average tokens per entry: 148.00[0m[0m
2025-05-26 17:49:31 | [  INFO  ] | [32m[32m📈 Max tokens in an entry: 224[0m[0m
2025-05-26 17:49:31 | [  INFO  ] | [32m[32m📉 Min tokens in an entry: 77[0m[0m
2025-05-26 17:49:31 | [  INFO  ] | [32m[32m🧮 Total tokens: 29601[0m[0m
2025-05-26 17:49:31 | [  INFO  ] | [32m[32m==================================================[0m[0m
2025-05-26 17:49:31 | [  INFO  ] | [32m[32m🔢 Average tokens per entry: 150.29[0m[0m
2025-05-26 17:49:31 | [  INFO  ] | [32m[32m📈 Max tokens in an entry: 224[0m[0m
2025-05-26 17:49:31 | [  INFO  ] | [32m[32m📉 Min tokens in an entry: 75[0m[0m
2025-05-26 17:49:31 | [  INFO  ] | [32m[32m🧮 Total tokens: 30059[0m[0m
2025-05-26 17:49:31 | [  INFO  ] | [32m[32m==================================================[0m[0m
2025-05-26 17:49:31 | [  INFO  ] | [32m[32m🔢 Average tokens per entry: 152.20[0m[0m
2025-05-26 17:49:31 | [  INFO  ] | [32m[32m📈 Max tokens in an entry: 225[0m[0m
2025-05-26 17:49:31 | [  INFO  ] | [32m[32m📉 Min tokens in an entry: 76[0m[0m
2025-05-26 17:49:31 | [  INFO  ] | [32m[32m🧮 Total tokens: 30440[0m[0m
2025-05-26 17:49:31 | [  INFO  ] | [32m[32m==================================================[0m[0m
2025-05-26 17:49:31 | [  INFO  ] | [32m[32m🔢 Average tokens per entry: 152.04[0m[0m
2025-05-26 17:49:31 | [  INFO  ] | [32m[32m📈 Max tokens in an entry: 219[0m[0m
2025-05-26 17:49:31 | [  INFO  ] | [32m[32m📉 Min tokens in an entry: 75[0m[0m
2025-05-26 17:49:31 | [  INFO  ] | [32m[32m🧮 Total tokens: 30408[0m[0m
2025-05-26 17:49:31 | [  INFO  ] | [32m[32m==================================================[0m[0m
2025-05-26 17:49:31 | [  INFO  ] | [32m[32m🔢 Average tokens per entry: 156.69[0m[0m
2025-05-26 17:49:31 | [  INFO  ] | [32m[32m📈 Max tokens in an entry: 225[0m[0m
2025-05-26 17:49:31 | [  INFO  ] | [32m[32m📉 Min tokens in an entry: 77[0m[0m
2025-05-26 17:49:31 | [  INFO  ] | [32m[32m🧮 Total tokens: 31339[0m[0m
2025-05-26 17:49:31 | [  INFO  ] | [32m[32m==================================================[0m[0m
2025-05-26 17:49:31 | [  INFO  ] | [32m[32m🔢 Average tokens per entry: 148.47[0m[0m
2025-05-26 17:49:31 | [  INFO  ] | [32m[32m📈 Max tokens in an entry: 218[0m[0m
2025-05-26 17:49:31 | [  INFO  ] | [32m[32m📉 Min tokens in an entry: 76[0m[0m
2025-05-26 17:49:31 | [  INFO  ] | [32m[32m🧮 Total tokens: 29695[0m[0m
2025-05-26 17:49:31 | [  INFO  ] | [32m[32m==================================================[0m[0m
2025-05-26 17:49:31 | [  INFO  ] | [32m[32m🔢 Average tokens per entry: 149.62[0m[0m
2025-05-26 17:49:31 | [  INFO  ] | [32m[32m📈 Max tokens in an entry: 219[0m[0m
2025-05-26 17:49:31 | [  INFO  ] | [32m[32m📉 Min tokens in an entry: 76[0m[0m
2025-05-26 17:49:31 | [  INFO  ] | [32m[32m🧮 Total tokens: 29924[0m[0m
2025-05-26 17:49:31 | [  INFO  ] | [32m[32m==================================================[0m[0m
2025-05-26 17:49:31 | [  INFO  ] | [32m[32m🔢 Average tokens per entry: 150.29[0m[0m
2025-05-26 17:49:31 | [  INFO  ] | [32m[32m📈 Max tokens in an entry: 224[0m[0m
2025-05-26 17:49:31 | [  INFO  ] | [32m[32m📉 Min tokens in an entry: 76[0m[0m
2025-05-26 17:49:31 | [  INFO  ] | [32m[32m🧮 Total tokens: 30058[0m[0m
2025-05-26 17:49:31 | [  INFO  ] | [32m[32m==================================================[0m[0m
2025-05-26 17:49:31 | [  INFO  ] | [32m[32m🔢 Average tokens per entry: 152.48[0m[0m
2025-05-26 17:49:31 | [  INFO  ] | [32m[32m📈 Max tokens in an entry: 224[0m[0m
2025-05-26 17:49:31 | [  INFO  ] | [32m[32m📉 Min tokens in an entry: 76[0m[0m
2025-05-26 17:49:31 | [  INFO  ] | [32m[32m🧮 Total tokens: 30496[0m[0m
2025-05-26 17:49:31 | [  INFO  ] | [32m[32m==================================================[0m[0m
2025-05-26 17:49:31 | [  INFO  ] | [32m[32m🔢 Average tokens per entry: 151.72[0m[0m
2025-05-26 17:49:31 | [  INFO  ] | [32m[32m📈 Max tokens in an entry: 225[0m[0m
2025-05-26 17:49:31 | [  INFO  ] | [32m[32m📉 Min tokens in an entry: 76[0m[0m
2025-05-26 17:49:31 | [  INFO  ] | [32m[32m🧮 Total tokens: 30343[0m[0m
2025-05-26 17:49:31 | [  INFO  ] | [32m[32m==================================================[0m[0m
2025-05-26 17:49:31 | [  INFO  ] | [32m[32m🔢 Average tokens per entry: 152.50[0m[0m
2025-05-26 17:49:31 | [  INFO  ] | [32m[32m📈 Max tokens in an entry: 224[0m[0m
2025-05-26 17:49:31 | [  INFO  ] | [32m[32m📉 Min tokens in an entry: 75[0m[0m
2025-05-26 17:49:31 | [  INFO  ] | [32m[32m🧮 Total tokens: 30501[0m[0m
2025-05-26 17:49:31 | [  INFO  ] | [32m[32m==================================================[0m[0m
2025-05-26 17:49:31 | [  INFO  ] | [32m[32m🔢 Average tokens per entry: 153.47[0m[0m
2025-05-26 17:49:31 | [  INFO  ] | [32m[32m📈 Max tokens in an entry: 219[0m[0m
2025-05-26 17:49:31 | [  INFO  ] | [32m[32m📉 Min tokens in an entry: 76[0m[0m
2025-05-26 17:49:31 | [  INFO  ] | [32m[32m🧮 Total tokens: 30693[0m[0m
2025-05-26 17:49:31 | [  INFO  ] | [32m[32m==================================================[0m[0m
2025-05-26 17:49:31 | [  INFO  ] | [32m[32m🔢 Average tokens per entry: 150.60[0m[0m
2025-05-26 17:49:31 | [  INFO  ] | [32m[32m📈 Max tokens in an entry: 225[0m[0m
2025-05-26 17:49:31 | [  INFO  ] | [32m[32m📉 Min tokens in an entry: 76[0m[0m
2025-05-26 17:49:31 | [  INFO  ] | [32m[32m🧮 Total tokens: 30121[0m[0m
2025-05-26 17:49:31 | [  INFO  ] | [32m[32m==================================================[0m[0m
2025-05-26 17:49:31 | [  INFO  ] | [32m[32m🔢 Average tokens per entry: 150.17[0m[0m
2025-05-26 17:49:31 | [  INFO  ] | [32m[32m📈 Max tokens in an entry: 225[0m[0m
2025-05-26 17:49:31 | [  INFO  ] | [32m[32m📉 Min tokens in an entry: 76[0m[0m
2025-05-26 17:49:31 | [  INFO  ] | [32m[32m🧮 Total tokens: 30034[0m[0m
2025-05-26 17:49:31 | [  INFO  ] | [32m[32m==================================================[0m[0m
2025-05-26 17:49:31 | [  INFO  ] | [32m[32m🔢 Average tokens per entry: 155.10[0m[0m
2025-05-26 17:49:31 | [  INFO  ] | [32m[32m📈 Max tokens in an entry: 225[0m[0m
2025-05-26 17:49:31 | [  INFO  ] | [32m[32m📉 Min tokens in an entry: 76[0m[0m
2025-05-26 17:49:31 | [  INFO  ] | [32m[32m🧮 Total tokens: 31021[0m[0m
2025-05-26 17:49:31 | [  INFO  ] | [32m[32m==================================================[0m[0m
2025-05-26 17:49:31 | [  INFO  ] | [32m[32m🔢 Average tokens per entry: 147.82[0m[0m
2025-05-26 17:49:31 | [  INFO  ] | [32m[32m📈 Max tokens in an entry: 218[0m[0m
2025-05-26 17:49:31 | [  INFO  ] | [32m[32m📉 Min tokens in an entry: 76[0m[0m
2025-05-26 17:49:31 | [  INFO  ] | [32m[32m🧮 Total tokens: 29564[0m[0m
2025-05-26 17:49:31 | [  INFO  ] | [32m[32m==================================================[0m[0m
2025-05-26 17:49:31 | [  INFO  ] | [32m[32m🔢 Average tokens per entry: 151.10[0m[0m
2025-05-26 17:49:31 | [  INFO  ] | [32m[32m📈 Max tokens in an entry: 225[0m[0m
2025-05-26 17:49:31 | [  INFO  ] | [32m[32m📉 Min tokens in an entry: 76[0m[0m
2025-05-26 17:49:31 | [  INFO  ] | [32m[32m🧮 Total tokens: 30220[0m[0m
2025-05-26 17:49:31 | [  INFO  ] | [32m[32m==================================================[0m[0m
2025-05-26 17:49:31 | [  INFO  ] | [32m[32m🔢 Average tokens per entry: 154.31[0m[0m
2025-05-26 17:49:31 | [  INFO  ] | [32m[32m📈 Max tokens in an entry: 225[0m[0m
2025-05-26 17:49:31 | [  INFO  ] | [32m[32m📉 Min tokens in an entry: 76[0m[0m
2025-05-26 17:49:31 | [  INFO  ] | [32m[32m🧮 Total tokens: 30861[0m[0m
2025-05-26 17:49:31 | [  INFO  ] | [32m[32m==================================================[0m[0m
2025-05-26 17:49:31 | [  INFO  ] | [32m[32m🔢 Average tokens per entry: 148.38[0m[0m
2025-05-26 17:49:31 | [  INFO  ] | [32m[32m📈 Max tokens in an entry: 218[0m[0m
2025-05-26 17:49:31 | [  INFO  ] | [32m[32m📉 Min tokens in an entry: 75[0m[0m
2025-05-26 17:49:31 | [  INFO  ] | [32m[32m🧮 Total tokens: 29676[0m[0m
2025-05-26 17:49:31 | [  INFO  ] | [32m[32m==================================================[0m[0m
2025-05-26 17:49:31 | [  INFO  ] | [32m[32m🔢 Average tokens per entry: 153.41[0m[0m
2025-05-26 17:49:31 | [  INFO  ] | [32m[32m📈 Max tokens in an entry: 225[0m[0m
2025-05-26 17:49:31 | [  INFO  ] | [32m[32m📉 Min tokens in an entry: 78[0m[0m
2025-05-26 17:49:31 | [  INFO  ] | [32m[32m🧮 Total tokens: 30682[0m[0m
2025-05-26 17:49:31 | [  INFO  ] | [32m[32m==================================================[0m[0m
2025-05-26 17:49:31 | [  INFO  ] | [32m[32m🔢 Average tokens per entry: 151.26[0m[0m
2025-05-26 17:49:31 | [  INFO  ] | [32m[32m📈 Max tokens in an entry: 225[0m[0m
2025-05-26 17:49:31 | [  INFO  ] | [32m[32m📉 Min tokens in an entry: 76[0m[0m
2025-05-26 17:49:31 | [  INFO  ] | [32m[32m🧮 Total tokens: 30252[0m[0m
2025-05-26 17:49:31 | [  INFO  ] | [32m[32m==================================================[0m[0m
2025-05-26 17:49:31 | [  INFO  ] | [32m[32m🔢 Average tokens per entry: 150.79[0m[0m
2025-05-26 17:49:31 | [  INFO  ] | [32m[32m📈 Max tokens in an entry: 225[0m[0m
2025-05-26 17:49:31 | [  INFO  ] | [32m[32m📉 Min tokens in an entry: 76[0m[0m
2025-05-26 17:49:31 | [  INFO  ] | [32m[32m🧮 Total tokens: 30158[0m[0m
2025-05-26 17:49:31 | [  INFO  ] | [32m[32m==================================================[0m[0m
2025-05-26 17:49:31 | [  INFO  ] | [32m[32m🔢 Average tokens per entry: 152.43[0m[0m
2025-05-26 17:49:31 | [  INFO  ] | [32m[32m📈 Max tokens in an entry: 225[0m[0m
2025-05-26 17:49:31 | [  INFO  ] | [32m[32m📉 Min tokens in an entry: 76[0m[0m
2025-05-26 17:49:31 | [  INFO  ] | [32m[32m🧮 Total tokens: 30486[0m[0m
2025-05-26 17:49:31 | [  INFO  ] | [32m[32m==================================================[0m[0m
2025-05-26 17:49:31 | [  INFO  ] | [32m[32m🔢 Average tokens per entry: 149.59[0m[0m
2025-05-26 17:49:31 | [  INFO  ] | [32m[32m📈 Max tokens in an entry: 225[0m[0m
2025-05-26 17:49:31 | [  INFO  ] | [32m[32m📉 Min tokens in an entry: 77[0m[0m
2025-05-26 17:49:31 | [  INFO  ] | [32m[32m🧮 Total tokens: 29919[0m[0m
2025-05-26 17:49:31 | [  INFO  ] | [32m[32m==================================================[0m[0m
2025-05-26 17:49:31 | [  INFO  ] | [32m[32m🔢 Average tokens per entry: 147.78[0m[0m
2025-05-26 17:49:31 | [  INFO  ] | [32m[32m📈 Max tokens in an entry: 225[0m[0m
2025-05-26 17:49:31 | [  INFO  ] | [32m[32m📉 Min tokens in an entry: 76[0m[0m
2025-05-26 17:49:31 | [  INFO  ] | [32m[32m🧮 Total tokens: 29555[0m[0m
2025-05-26 17:49:31 | [  INFO  ] | [32m[32m==================================================[0m[0m
2025-05-26 17:49:31 | [  INFO  ] | [32m[32m🔢 Average tokens per entry: 148.44[0m[0m
2025-05-26 17:49:31 | [  INFO  ] | [32m[32m📈 Max tokens in an entry: 225[0m[0m
2025-05-26 17:49:31 | [  INFO  ] | [32m[32m📉 Min tokens in an entry: 76[0m[0m
2025-05-26 17:49:31 | [  INFO  ] | [32m[32m🧮 Total tokens: 29688[0m[0m
2025-05-26 17:49:31 | [  INFO  ] | [32m[32m==================================================[0m[0m
2025-05-26 17:49:31 | [  INFO  ] | [32m[32m🔢 Average tokens per entry: 148.85[0m[0m
2025-05-26 17:49:31 | [  INFO  ] | [32m[32m📈 Max tokens in an entry: 225[0m[0m
2025-05-26 17:49:31 | [  INFO  ] | [32m[32m📉 Min tokens in an entry: 76[0m[0m
2025-05-26 17:49:31 | [  INFO  ] | [32m[32m🧮 Total tokens: 29771[0m[0m
2025-05-26 17:49:31 | [  INFO  ] | [32m[32m==================================================[0m[0m
2025-05-26 17:49:31 | [  INFO  ] | [32m[32m🔢 Average tokens per entry: 148.19[0m[0m
2025-05-26 17:49:31 | [  INFO  ] | [32m[32m📈 Max tokens in an entry: 225[0m[0m
2025-05-26 17:49:31 | [  INFO  ] | [32m[32m📉 Min tokens in an entry: 76[0m[0m
2025-05-26 17:49:31 | [  INFO  ] | [32m[32m🧮 Total tokens: 29639[0m[0m
2025-05-26 17:49:31 | [  INFO  ] | [32m[32m==================================================[0m[0m
2025-05-26 17:49:31 | [  INFO  ] | [32m[32m🔢 Average tokens per entry: 156.62[0m[0m
2025-05-26 17:49:31 | [  INFO  ] | [32m[32m📈 Max tokens in an entry: 226[0m[0m
2025-05-26 17:49:31 | [  INFO  ] | [32m[32m📉 Min tokens in an entry: 76[0m[0m
2025-05-26 17:49:31 | [  INFO  ] | [32m[32m🧮 Total tokens: 31323[0m[0m
2025-05-26 17:49:31 | [  INFO  ] | [32m[32m==================================================[0m[0m
2025-05-26 17:49:31 | [  INFO  ] | [32m[32m🔢 Average tokens per entry: 147.76[0m[0m
2025-05-26 17:49:31 | [  INFO  ] | [32m[32m📈 Max tokens in an entry: 218[0m[0m
2025-05-26 17:49:31 | [  INFO  ] | [32m[32m📉 Min tokens in an entry: 76[0m[0m
2025-05-26 17:49:31 | [  INFO  ] | [32m[32m🧮 Total tokens: 29552[0m[0m
2025-05-26 17:49:31 | [  INFO  ] | [32m[32m==================================================[0m[0m
2025-05-26 17:49:31 | [  INFO  ] | [32m[32m🔢 Average tokens per entry: 154.56[0m[0m
2025-05-26 17:49:31 | [  INFO  ] | [32m[32m📈 Max tokens in an entry: 225[0m[0m
2025-05-26 17:49:31 | [  INFO  ] | [32m[32m📉 Min tokens in an entry: 76[0m[0m
2025-05-26 17:49:31 | [  INFO  ] | [32m[32m🧮 Total tokens: 30912[0m[0m
2025-05-26 17:49:31 | [  INFO  ] | [32m[32m==================================================[0m[0m
2025-05-26 17:49:31 | [  INFO  ] | [32m[32m🔢 Average tokens per entry: 158.66[0m[0m
2025-05-26 17:49:31 | [  INFO  ] | [32m[32m📈 Max tokens in an entry: 225[0m[0m
2025-05-26 17:49:31 | [  INFO  ] | [32m[32m📉 Min tokens in an entry: 76[0m[0m
2025-05-26 17:49:31 | [  INFO  ] | [32m[32m🧮 Total tokens: 31732[0m[0m
2025-05-26 17:49:31 | [  INFO  ] | [32m[32m==================================================[0m[0m
2025-05-26 17:49:31 | [  INFO  ] | [32m[32m🔢 Average tokens per entry: 150.79[0m[0m
2025-05-26 17:49:31 | [  INFO  ] | [32m[32m📈 Max tokens in an entry: 224[0m[0m
2025-05-26 17:49:31 | [  INFO  ] | [32m[32m📉 Min tokens in an entry: 76[0m[0m
2025-05-26 17:49:31 | [  INFO  ] | [32m[32m🧮 Total tokens: 30158[0m[0m
2025-05-26 17:49:31 | [  INFO  ] | [32m[32m==================================================[0m[0m
2025-05-26 17:49:31 | [  INFO  ] | [32m[32m🔢 Average tokens per entry: 149.42[0m[0m
2025-05-26 17:49:31 | [  INFO  ] | [32m[32m📈 Max tokens in an entry: 226[0m[0m
2025-05-26 17:49:31 | [  INFO  ] | [32m[32m📉 Min tokens in an entry: 76[0m[0m
2025-05-26 17:49:31 | [  INFO  ] | [32m[32m🧮 Total tokens: 29884[0m[0m
2025-05-26 17:49:31 | [  INFO  ] | [32m[32m==================================================[0m[0m
2025-05-26 17:49:31 | [  INFO  ] | [32m[32m🔢 Average tokens per entry: 150.77[0m[0m
2025-05-26 17:49:31 | [  INFO  ] | [32m[32m📈 Max tokens in an entry: 225[0m[0m
2025-05-26 17:49:31 | [  INFO  ] | [32m[32m📉 Min tokens in an entry: 76[0m[0m
2025-05-26 17:49:31 | [  INFO  ] | [32m[32m🧮 Total tokens: 30154[0m[0m
2025-05-26 17:49:31 | [  INFO  ] | [32m[32m==================================================[0m[0m
2025-05-26 17:49:31 | [  INFO  ] | [32m[32m🔢 Average tokens per entry: 150.75[0m[0m
2025-05-26 17:49:31 | [  INFO  ] | [32m[32m📈 Max tokens in an entry: 225[0m[0m
2025-05-26 17:49:31 | [  INFO  ] | [32m[32m📉 Min tokens in an entry: 76[0m[0m
2025-05-26 17:49:31 | [  INFO  ] | [32m[32m🧮 Total tokens: 30150[0m[0m
2025-05-26 17:49:31 | [  INFO  ] | [32m[32m==================================================[0m[0m
2025-05-26 17:49:31 | [  INFO  ] | [32m[32m🔢 Average tokens per entry: 151.21[0m[0m
2025-05-26 17:49:31 | [  INFO  ] | [32m[32m📈 Max tokens in an entry: 226[0m[0m
2025-05-26 17:49:31 | [  INFO  ] | [32m[32m📉 Min tokens in an entry: 79[0m[0m
2025-05-26 17:49:31 | [  INFO  ] | [32m[32m🧮 Total tokens: 30241[0m[0m
2025-05-26 17:49:31 | [  INFO  ] | [32m[32m==================================================[0m[0m
2025-05-26 17:49:31 | [  INFO  ] | [32m[32m🔢 Average tokens per entry: 156.69[0m[0m
2025-05-26 17:49:31 | [  INFO  ] | [32m[32m📈 Max tokens in an entry: 225[0m[0m
2025-05-26 17:49:31 | [  INFO  ] | [32m[32m📉 Min tokens in an entry: 77[0m[0m
2025-05-26 17:49:31 | [  INFO  ] | [32m[32m🧮 Total tokens: 31337[0m[0m
2025-05-26 17:49:31 | [  INFO  ] | [32m[32m==================================================[0m[0m
2025-05-26 17:49:31 | [  INFO  ] | [32m[32m🔢 Average tokens per entry: 150.06[0m[0m
2025-05-26 17:49:31 | [  INFO  ] | [32m[32m📈 Max tokens in an entry: 224[0m[0m
2025-05-26 17:49:31 | [  INFO  ] | [32m[32m📉 Min tokens in an entry: 76[0m[0m
2025-05-26 17:49:31 | [  INFO  ] | [32m[32m🧮 Total tokens: 30013[0m[0m
2025-05-26 17:49:31 | [  INFO  ] | [32m[32m==================================================[0m[0m
2025-05-26 17:49:31 | [  INFO  ] | [32m[32m🔢 Average tokens per entry: 154.86[0m[0m
2025-05-26 17:49:31 | [  INFO  ] | [32m[32m📈 Max tokens in an entry: 226[0m[0m
2025-05-26 17:49:31 | [  INFO  ] | [32m[32m📉 Min tokens in an entry: 76[0m[0m
2025-05-26 17:49:31 | [  INFO  ] | [32m[32m🧮 Total tokens: 30972[0m[0m
2025-05-26 17:49:31 | [  INFO  ] | [32m[32m==================================================[0m[0m
2025-05-26 17:49:31 | [  INFO  ] | [32m[32m🔢 Average tokens per entry: 150.66[0m[0m
2025-05-26 17:49:31 | [  INFO  ] | [32m[32m📈 Max tokens in an entry: 225[0m[0m
2025-05-26 17:49:31 | [  INFO  ] | [32m[32m📉 Min tokens in an entry: 76[0m[0m
2025-05-26 17:49:31 | [  INFO  ] | [32m[32m🧮 Total tokens: 30131[0m[0m
2025-05-26 17:49:31 | [  INFO  ] | [32m[32m==================================================[0m[0m
2025-05-26 17:49:31 | [  INFO  ] | [32m[32m🔢 Average tokens per entry: 154.19[0m[0m
2025-05-26 17:49:31 | [  INFO  ] | [32m[32m📈 Max tokens in an entry: 224[0m[0m
2025-05-26 17:49:31 | [  INFO  ] | [32m[32m📉 Min tokens in an entry: 80[0m[0m
2025-05-26 17:49:31 | [  INFO  ] | [32m[32m🧮 Total tokens: 30838[0m[0m
2025-05-26 17:49:31 | [  INFO  ] | [32m[32m==================================================[0m[0m
2025-05-26 17:49:31 | [  INFO  ] | [32m[32m🔢 Average tokens per entry: 151.78[0m[0m
2025-05-26 17:49:31 | [  INFO  ] | [32m[32m📈 Max tokens in an entry: 213[0m[0m
2025-05-26 17:49:31 | [  INFO  ] | [32m[32m📉 Min tokens in an entry: 76[0m[0m
2025-05-26 17:49:31 | [  INFO  ] | [32m[32m🧮 Total tokens: 30355[0m[0m
2025-05-26 17:49:31 | [  INFO  ] | [32m[32m==================================================[0m[0m
2025-05-26 17:49:31 | [  INFO  ] | [32m[32m🔢 Average tokens per entry: 150.00[0m[0m
2025-05-26 17:49:31 | [  INFO  ] | [32m[32m📈 Max tokens in an entry: 225[0m[0m
2025-05-26 17:49:31 | [  INFO  ] | [32m[32m📉 Min tokens in an entry: 79[0m[0m
2025-05-26 17:49:31 | [  INFO  ] | [32m[32m🧮 Total tokens: 29999[0m[0m
2025-05-26 17:49:31 | [  INFO  ] | [32m[32m==================================================[0m[0m
2025-05-26 17:49:31 | [  INFO  ] | [32m[32m🔢 Average tokens per entry: 152.09[0m[0m
2025-05-26 17:49:31 | [  INFO  ] | [32m[32m📈 Max tokens in an entry: 226[0m[0m
2025-05-26 17:49:31 | [  INFO  ] | [32m[32m📉 Min tokens in an entry: 76[0m[0m
2025-05-26 17:49:31 | [  INFO  ] | [32m[32m🧮 Total tokens: 30419[0m[0m
2025-05-26 17:49:31 | [  INFO  ] | [32m[32m==================================================[0m[0m
2025-05-26 17:49:31 | [  INFO  ] | [32m[32m🔢 Average tokens per entry: 145.05[0m[0m
2025-05-26 17:49:31 | [  INFO  ] | [32m[32m📈 Max tokens in an entry: 224[0m[0m
2025-05-26 17:49:31 | [  INFO  ] | [32m[32m📉 Min tokens in an entry: 81[0m[0m
2025-05-26 17:49:31 | [  INFO  ] | [32m[32m🧮 Total tokens: 29010[0m[0m
2025-05-26 17:49:31 | [  INFO  ] | [32m[32m==================================================[0m[0m
2025-05-26 17:49:31 | [  INFO  ] | [32m[32m🔢 Average tokens per entry: 153.60[0m[0m
2025-05-26 17:49:31 | [  INFO  ] | [32m[32m📈 Max tokens in an entry: 225[0m[0m
2025-05-26 17:49:31 | [  INFO  ] | [32m[32m📉 Min tokens in an entry: 79[0m[0m
2025-05-26 17:49:31 | [  INFO  ] | [32m[32m🧮 Total tokens: 30721[0m[0m
2025-05-26 17:49:31 | [  INFO  ] | [32m[32m==================================================[0m[0m
2025-05-26 17:49:31 | [  INFO  ] | [32m[32m🔢 Average tokens per entry: 148.20[0m[0m
2025-05-26 17:49:31 | [  INFO  ] | [32m[32m📈 Max tokens in an entry: 226[0m[0m
2025-05-26 17:49:31 | [  INFO  ] | [32m[32m📉 Min tokens in an entry: 76[0m[0m
2025-05-26 17:49:31 | [  INFO  ] | [32m[32m🧮 Total tokens: 29640[0m[0m
2025-05-26 17:49:31 | [  INFO  ] | [32m[32m==================================================[0m[0m
2025-05-26 17:49:31 | [  INFO  ] | [32m[32m🔢 Average tokens per entry: 151.40[0m[0m
2025-05-26 17:49:31 | [  INFO  ] | [32m[32m📈 Max tokens in an entry: 225[0m[0m
2025-05-26 17:49:31 | [  INFO  ] | [32m[32m📉 Min tokens in an entry: 76[0m[0m
2025-05-26 17:49:31 | [  INFO  ] | [32m[32m🧮 Total tokens: 30280[0m[0m
2025-05-26 17:49:31 | [  INFO  ] | [32m[32m==================================================[0m[0m
2025-05-26 17:49:31 | [  INFO  ] | [32m[32m🔢 Average tokens per entry: 149.51[0m[0m
2025-05-26 17:49:31 | [  INFO  ] | [32m[32m📈 Max tokens in an entry: 226[0m[0m
2025-05-26 17:49:31 | [  INFO  ] | [32m[32m📉 Min tokens in an entry: 77[0m[0m
2025-05-26 17:49:31 | [  INFO  ] | [32m[32m🧮 Total tokens: 29903[0m[0m
2025-05-26 17:49:31 | [  INFO  ] | [32m[32m==================================================[0m[0m
2025-05-26 17:49:31 | [  INFO  ] | [32m[32m🔢 Average tokens per entry: 150.57[0m[0m
2025-05-26 17:49:31 | [  INFO  ] | [32m[32m📈 Max tokens in an entry: 225[0m[0m
2025-05-26 17:49:31 | [  INFO  ] | [32m[32m📉 Min tokens in an entry: 77[0m[0m
2025-05-26 17:49:31 | [  INFO  ] | [32m[32m🧮 Total tokens: 30115[0m[0m
2025-05-26 17:49:31 | [  INFO  ] | [32m[32m==================================================[0m[0m
2025-05-26 17:49:31 | [  INFO  ] | [32m[32m🔢 Average tokens per entry: 149.41[0m[0m
2025-05-26 17:49:31 | [  INFO  ] | [32m[32m📈 Max tokens in an entry: 225[0m[0m
2025-05-26 17:49:31 | [  INFO  ] | [32m[32m📉 Min tokens in an entry: 77[0m[0m
2025-05-26 17:49:31 | [  INFO  ] | [32m[32m🧮 Total tokens: 29882[0m[0m
2025-05-26 17:49:31 | [  INFO  ] | [32m[32m==================================================[0m[0m
2025-05-26 17:49:31 | [  INFO  ] | [32m[32m🔢 Average tokens per entry: 149.40[0m[0m
2025-05-26 17:49:31 | [  INFO  ] | [32m[32m📈 Max tokens in an entry: 214[0m[0m
2025-05-26 17:49:31 | [  INFO  ] | [32m[32m📉 Min tokens in an entry: 79[0m[0m
2025-05-26 17:49:31 | [  INFO  ] | [32m[32m🧮 Total tokens: 29880[0m[0m
2025-05-26 17:49:31 | [  INFO  ] | [32m[32m==================================================[0m[0m
2025-05-26 17:49:31 | [  INFO  ] | [32m[32m🔢 Average tokens per entry: 151.55[0m[0m
2025-05-26 17:49:31 | [  INFO  ] | [32m[32m📈 Max tokens in an entry: 226[0m[0m
2025-05-26 17:49:31 | [  INFO  ] | [32m[32m📉 Min tokens in an entry: 76[0m[0m
2025-05-26 17:49:31 | [  INFO  ] | [32m[32m🧮 Total tokens: 30310[0m[0m
2025-05-26 17:49:31 | [  INFO  ] | [32m[32m==================================================[0m[0m
2025-05-26 17:49:31 | [  INFO  ] | [32m[32m🔢 Average tokens per entry: 154.82[0m[0m
2025-05-26 17:49:31 | [  INFO  ] | [32m[32m📈 Max tokens in an entry: 225[0m[0m
2025-05-26 17:49:31 | [  INFO  ] | [32m[32m📉 Min tokens in an entry: 76[0m[0m
2025-05-26 17:49:31 | [  INFO  ] | [32m[32m🧮 Total tokens: 30965[0m[0m
2025-05-26 17:49:31 | [  INFO  ] | [32m[32m==================================================[0m[0m
2025-05-26 17:49:31 | [  INFO  ] | [32m[32m🔢 Average tokens per entry: 152.79[0m[0m
2025-05-26 17:49:31 | [  INFO  ] | [32m[32m📈 Max tokens in an entry: 225[0m[0m
2025-05-26 17:49:31 | [  INFO  ] | [32m[32m📉 Min tokens in an entry: 76[0m[0m
2025-05-26 17:49:31 | [  INFO  ] | [32m[32m🧮 Total tokens: 30558[0m[0m
2025-05-26 17:49:31 | [  INFO  ] | [32m[32m==================================================[0m[0m
2025-05-26 17:49:31 | [  INFO  ] | [32m[32m🔢 Average tokens per entry: 151.41[0m[0m
2025-05-26 17:49:31 | [  INFO  ] | [32m[32m📈 Max tokens in an entry: 225[0m[0m
2025-05-26 17:49:31 | [  INFO  ] | [32m[32m📉 Min tokens in an entry: 77[0m[0m
2025-05-26 17:49:31 | [  INFO  ] | [32m[32m🧮 Total tokens: 30283[0m[0m
2025-05-26 17:49:31 | [  INFO  ] | [32m[32m==================================================[0m[0m
2025-05-26 17:49:31 | [  INFO  ] | [32m[32m🔢 Average tokens per entry: 145.72[0m[0m
2025-05-26 17:49:31 | [  INFO  ] | [32m[32m📈 Max tokens in an entry: 224[0m[0m
2025-05-26 17:49:31 | [  INFO  ] | [32m[32m📉 Min tokens in an entry: 76[0m[0m
2025-05-26 17:49:31 | [  INFO  ] | [32m[32m🧮 Total tokens: 29145[0m[0m
2025-05-26 17:49:31 | [  INFO  ] | [32m[32m==================================================[0m[0m
2025-05-26 17:49:31 | [  INFO  ] | [32m[32m🔢 Average tokens per entry: 150.99[0m[0m
2025-05-26 17:49:31 | [  INFO  ] | [32m[32m📈 Max tokens in an entry: 225[0m[0m
2025-05-26 17:49:31 | [  INFO  ] | [32m[32m📉 Min tokens in an entry: 76[0m[0m
2025-05-26 17:49:31 | [  INFO  ] | [32m[32m🧮 Total tokens: 30197[0m[0m
2025-05-26 17:49:31 | [  INFO  ] | [32m[32m==================================================[0m[0m
2025-05-26 17:49:31 | [  INFO  ] | [32m[32m🔢 Average tokens per entry: 152.62[0m[0m
2025-05-26 17:49:31 | [  INFO  ] | [32m[32m📈 Max tokens in an entry: 224[0m[0m
2025-05-26 17:49:31 | [  INFO  ] | [32m[32m📉 Min tokens in an entry: 76[0m[0m
2025-05-26 17:49:31 | [  INFO  ] | [32m[32m🧮 Total tokens: 30525[0m[0m
2025-05-26 17:49:31 | [  INFO  ] | [32m[32m==================================================[0m[0m
2025-05-26 17:49:31 | [  INFO  ] | [32m[32m🔢 Average tokens per entry: 150.31[0m[0m
2025-05-26 17:49:31 | [  INFO  ] | [32m[32m📈 Max tokens in an entry: 225[0m[0m
2025-05-26 17:49:31 | [  INFO  ] | [32m[32m📉 Min tokens in an entry: 80[0m[0m
2025-05-26 17:49:31 | [  INFO  ] | [32m[32m🧮 Total tokens: 30063[0m[0m
2025-05-26 17:49:31 | [  INFO  ] | [32m[32m==================================================[0m[0m
2025-05-26 17:49:31 | [  INFO  ] | [32m[32m🔢 Average tokens per entry: 151.27[0m[0m
2025-05-26 17:49:31 | [  INFO  ] | [32m[32m📈 Max tokens in an entry: 226[0m[0m
2025-05-26 17:49:31 | [  INFO  ] | [32m[32m📉 Min tokens in an entry: 76[0m[0m
2025-05-26 17:49:31 | [  INFO  ] | [32m[32m🧮 Total tokens: 30254[0m[0m
2025-05-26 17:49:31 | [  INFO  ] | [32m[32mThe maximum total tokens in all the generated predatasets are: 31732[0m[0m
