2025-05-26 15:31:26 | [  INFO  ] | [32m[32mStarting generating 25 iterations of dataset with each containing 800 conversations[0m[0m
2025-05-26 15:31:38 | [  INFO  ] | [32m[32m==================================================[0m[0m
2025-05-26 15:31:38 | [  INFO  ] | [32m[32m🔢 Average tokens per entry: 148.94[0m[0m
2025-05-26 15:31:38 | [  INFO  ] | [32m[32m📈 Max tokens in an entry: 225[0m[0m
2025-05-26 15:31:38 | [  INFO  ] | [32m[32m📉 Min tokens in an entry: 75[0m[0m
2025-05-26 15:31:38 | [  INFO  ] | [32m[32m🧮 Total tokens: 119153[0m[0m
2025-05-26 15:31:38 | [  INFO  ] | [32m[32m==================================================[0m[0m
2025-05-26 15:31:38 | [  INFO  ] | [32m[32m🔢 Average tokens per entry: 153.05[0m[0m
2025-05-26 15:31:38 | [  INFO  ] | [32m[32m📈 Max tokens in an entry: 226[0m[0m
2025-05-26 15:31:38 | [  INFO  ] | [32m[32m📉 Min tokens in an entry: 76[0m[0m
2025-05-26 15:31:38 | [  INFO  ] | [32m[32m🧮 Total tokens: 122439[0m[0m
2025-05-26 15:31:38 | [  INFO  ] | [32m[32m==================================================[0m[0m
2025-05-26 15:31:38 | [  INFO  ] | [32m[32m🔢 Average tokens per entry: 149.35[0m[0m
2025-05-26 15:31:38 | [  INFO  ] | [32m[32m📈 Max tokens in an entry: 226[0m[0m
2025-05-26 15:31:38 | [  INFO  ] | [32m[32m📉 Min tokens in an entry: 75[0m[0m
2025-05-26 15:31:38 | [  INFO  ] | [32m[32m🧮 Total tokens: 119477[0m[0m
2025-05-26 15:31:38 | [  INFO  ] | [32m[32m==================================================[0m[0m
2025-05-26 15:31:38 | [  INFO  ] | [32m[32m🔢 Average tokens per entry: 149.52[0m[0m
2025-05-26 15:31:38 | [  INFO  ] | [32m[32m📈 Max tokens in an entry: 225[0m[0m
2025-05-26 15:31:38 | [  INFO  ] | [32m[32m📉 Min tokens in an entry: 76[0m[0m
2025-05-26 15:31:38 | [  INFO  ] | [32m[32m🧮 Total tokens: 119618[0m[0m
2025-05-26 15:31:38 | [  INFO  ] | [32m[32m==================================================[0m[0m
2025-05-26 15:31:38 | [  INFO  ] | [32m[32m🔢 Average tokens per entry: 149.71[0m[0m
2025-05-26 15:31:38 | [  INFO  ] | [32m[32m📈 Max tokens in an entry: 225[0m[0m
2025-05-26 15:31:38 | [  INFO  ] | [32m[32m📉 Min tokens in an entry: 76[0m[0m
2025-05-26 15:31:38 | [  INFO  ] | [32m[32m🧮 Total tokens: 119771[0m[0m
2025-05-26 15:31:38 | [  INFO  ] | [32m[32m==================================================[0m[0m
2025-05-26 15:31:38 | [  INFO  ] | [32m[32m🔢 Average tokens per entry: 152.43[0m[0m
2025-05-26 15:31:38 | [  INFO  ] | [32m[32m📈 Max tokens in an entry: 225[0m[0m
2025-05-26 15:31:38 | [  INFO  ] | [32m[32m📉 Min tokens in an entry: 76[0m[0m
2025-05-26 15:31:38 | [  INFO  ] | [32m[32m🧮 Total tokens: 121941[0m[0m
2025-05-26 15:31:38 | [  INFO  ] | [32m[32m==================================================[0m[0m
2025-05-26 15:31:38 | [  INFO  ] | [32m[32m🔢 Average tokens per entry: 149.73[0m[0m
2025-05-26 15:31:38 | [  INFO  ] | [32m[32m📈 Max tokens in an entry: 226[0m[0m
2025-05-26 15:31:38 | [  INFO  ] | [32m[32m📉 Min tokens in an entry: 76[0m[0m
2025-05-26 15:31:38 | [  INFO  ] | [32m[32m🧮 Total tokens: 119784[0m[0m
2025-05-26 15:31:38 | [  INFO  ] | [32m[32m==================================================[0m[0m
2025-05-26 15:31:38 | [  INFO  ] | [32m[32m🔢 Average tokens per entry: 151.63[0m[0m
2025-05-26 15:31:38 | [  INFO  ] | [32m[32m📈 Max tokens in an entry: 226[0m[0m
2025-05-26 15:31:38 | [  INFO  ] | [32m[32m📉 Min tokens in an entry: 76[0m[0m
2025-05-26 15:31:38 | [  INFO  ] | [32m[32m🧮 Total tokens: 121306[0m[0m
2025-05-26 15:31:38 | [  INFO  ] | [32m[32m==================================================[0m[0m
2025-05-26 15:31:38 | [  INFO  ] | [32m[32m🔢 Average tokens per entry: 153.06[0m[0m
2025-05-26 15:31:38 | [  INFO  ] | [32m[32m📈 Max tokens in an entry: 226[0m[0m
2025-05-26 15:31:38 | [  INFO  ] | [32m[32m📉 Min tokens in an entry: 75[0m[0m
2025-05-26 15:31:38 | [  INFO  ] | [32m[32m🧮 Total tokens: 122452[0m[0m
2025-05-26 15:31:38 | [  INFO  ] | [32m[32m==================================================[0m[0m
2025-05-26 15:31:38 | [  INFO  ] | [32m[32m🔢 Average tokens per entry: 150.81[0m[0m
2025-05-26 15:31:38 | [  INFO  ] | [32m[32m📈 Max tokens in an entry: 225[0m[0m
2025-05-26 15:31:38 | [  INFO  ] | [32m[32m📉 Min tokens in an entry: 76[0m[0m
2025-05-26 15:31:38 | [  INFO  ] | [32m[32m🧮 Total tokens: 120644[0m[0m
2025-05-26 15:31:38 | [  INFO  ] | [32m[32m==================================================[0m[0m
2025-05-26 15:31:38 | [  INFO  ] | [32m[32m🔢 Average tokens per entry: 151.76[0m[0m
2025-05-26 15:31:38 | [  INFO  ] | [32m[32m📈 Max tokens in an entry: 226[0m[0m
2025-05-26 15:31:38 | [  INFO  ] | [32m[32m📉 Min tokens in an entry: 75[0m[0m
2025-05-26 15:31:38 | [  INFO  ] | [32m[32m🧮 Total tokens: 121406[0m[0m
2025-05-26 15:31:38 | [  INFO  ] | [32m[32m==================================================[0m[0m
2025-05-26 15:31:38 | [  INFO  ] | [32m[32m🔢 Average tokens per entry: 149.82[0m[0m
2025-05-26 15:31:38 | [  INFO  ] | [32m[32m📈 Max tokens in an entry: 226[0m[0m
2025-05-26 15:31:38 | [  INFO  ] | [32m[32m📉 Min tokens in an entry: 76[0m[0m
2025-05-26 15:31:38 | [  INFO  ] | [32m[32m🧮 Total tokens: 119860[0m[0m
2025-05-26 15:31:38 | [  INFO  ] | [32m[32m==================================================[0m[0m
2025-05-26 15:31:38 | [  INFO  ] | [32m[32m🔢 Average tokens per entry: 152.13[0m[0m
2025-05-26 15:31:38 | [  INFO  ] | [32m[32m📈 Max tokens in an entry: 226[0m[0m
2025-05-26 15:31:38 | [  INFO  ] | [32m[32m📉 Min tokens in an entry: 76[0m[0m
2025-05-26 15:31:38 | [  INFO  ] | [32m[32m🧮 Total tokens: 121701[0m[0m
2025-05-26 15:31:38 | [  INFO  ] | [32m[32m==================================================[0m[0m
2025-05-26 15:31:38 | [  INFO  ] | [32m[32m🔢 Average tokens per entry: 152.09[0m[0m
2025-05-26 15:31:38 | [  INFO  ] | [32m[32m📈 Max tokens in an entry: 225[0m[0m
2025-05-26 15:31:38 | [  INFO  ] | [32m[32m📉 Min tokens in an entry: 75[0m[0m
2025-05-26 15:31:38 | [  INFO  ] | [32m[32m🧮 Total tokens: 121673[0m[0m
2025-05-26 15:31:38 | [  INFO  ] | [32m[32m==================================================[0m[0m
2025-05-26 15:31:38 | [  INFO  ] | [32m[32m🔢 Average tokens per entry: 152.21[0m[0m
2025-05-26 15:31:38 | [  INFO  ] | [32m[32m📈 Max tokens in an entry: 225[0m[0m
2025-05-26 15:31:38 | [  INFO  ] | [32m[32m📉 Min tokens in an entry: 76[0m[0m
2025-05-26 15:31:38 | [  INFO  ] | [32m[32m🧮 Total tokens: 121765[0m[0m
2025-05-26 15:31:38 | [  INFO  ] | [32m[32m==================================================[0m[0m
2025-05-26 15:31:38 | [  INFO  ] | [32m[32m🔢 Average tokens per entry: 150.52[0m[0m
2025-05-26 15:31:38 | [  INFO  ] | [32m[32m📈 Max tokens in an entry: 225[0m[0m
2025-05-26 15:31:38 | [  INFO  ] | [32m[32m📉 Min tokens in an entry: 75[0m[0m
2025-05-26 15:31:38 | [  INFO  ] | [32m[32m🧮 Total tokens: 120418[0m[0m
2025-05-26 15:31:38 | [  INFO  ] | [32m[32m==================================================[0m[0m
2025-05-26 15:31:38 | [  INFO  ] | [32m[32m🔢 Average tokens per entry: 148.21[0m[0m
2025-05-26 15:31:38 | [  INFO  ] | [32m[32m📈 Max tokens in an entry: 225[0m[0m
2025-05-26 15:31:38 | [  INFO  ] | [32m[32m📉 Min tokens in an entry: 75[0m[0m
2025-05-26 15:31:38 | [  INFO  ] | [32m[32m🧮 Total tokens: 118569[0m[0m
2025-05-26 15:31:38 | [  INFO  ] | [32m[32m==================================================[0m[0m
2025-05-26 15:31:38 | [  INFO  ] | [32m[32m🔢 Average tokens per entry: 150.66[0m[0m
2025-05-26 15:31:38 | [  INFO  ] | [32m[32m📈 Max tokens in an entry: 225[0m[0m
2025-05-26 15:31:38 | [  INFO  ] | [32m[32m📉 Min tokens in an entry: 76[0m[0m
2025-05-26 15:31:38 | [  INFO  ] | [32m[32m🧮 Total tokens: 120525[0m[0m
2025-05-26 15:31:38 | [  INFO  ] | [32m[32m==================================================[0m[0m
2025-05-26 15:31:38 | [  INFO  ] | [32m[32m🔢 Average tokens per entry: 149.21[0m[0m
2025-05-26 15:31:38 | [  INFO  ] | [32m[32m📈 Max tokens in an entry: 226[0m[0m
2025-05-26 15:31:38 | [  INFO  ] | [32m[32m📉 Min tokens in an entry: 76[0m[0m
2025-05-26 15:31:38 | [  INFO  ] | [32m[32m🧮 Total tokens: 119365[0m[0m
2025-05-26 15:31:38 | [  INFO  ] | [32m[32m==================================================[0m[0m
2025-05-26 15:31:38 | [  INFO  ] | [32m[32m🔢 Average tokens per entry: 148.76[0m[0m
2025-05-26 15:31:38 | [  INFO  ] | [32m[32m📈 Max tokens in an entry: 225[0m[0m
2025-05-26 15:31:38 | [  INFO  ] | [32m[32m📉 Min tokens in an entry: 76[0m[0m
2025-05-26 15:31:38 | [  INFO  ] | [32m[32m🧮 Total tokens: 119006[0m[0m
2025-05-26 15:31:38 | [  INFO  ] | [32m[32m==================================================[0m[0m
2025-05-26 15:31:38 | [  INFO  ] | [32m[32m🔢 Average tokens per entry: 151.15[0m[0m
2025-05-26 15:31:38 | [  INFO  ] | [32m[32m📈 Max tokens in an entry: 225[0m[0m
2025-05-26 15:31:38 | [  INFO  ] | [32m[32m📉 Min tokens in an entry: 76[0m[0m
2025-05-26 15:31:38 | [  INFO  ] | [32m[32m🧮 Total tokens: 120921[0m[0m
2025-05-26 15:31:38 | [  INFO  ] | [32m[32m==================================================[0m[0m
2025-05-26 15:31:38 | [  INFO  ] | [32m[32m🔢 Average tokens per entry: 147.99[0m[0m
2025-05-26 15:31:38 | [  INFO  ] | [32m[32m📈 Max tokens in an entry: 226[0m[0m
2025-05-26 15:31:38 | [  INFO  ] | [32m[32m📉 Min tokens in an entry: 75[0m[0m
2025-05-26 15:31:38 | [  INFO  ] | [32m[32m🧮 Total tokens: 118390[0m[0m
2025-05-26 15:31:38 | [  INFO  ] | [32m[32m==================================================[0m[0m
2025-05-26 15:31:38 | [  INFO  ] | [32m[32m🔢 Average tokens per entry: 152.94[0m[0m
2025-05-26 15:31:38 | [  INFO  ] | [32m[32m📈 Max tokens in an entry: 225[0m[0m
2025-05-26 15:31:38 | [  INFO  ] | [32m[32m📉 Min tokens in an entry: 75[0m[0m
2025-05-26 15:31:38 | [  INFO  ] | [32m[32m🧮 Total tokens: 122348[0m[0m
2025-05-26 15:31:38 | [  INFO  ] | [32m[32m==================================================[0m[0m
2025-05-26 15:31:38 | [  INFO  ] | [32m[32m🔢 Average tokens per entry: 149.73[0m[0m
2025-05-26 15:31:38 | [  INFO  ] | [32m[32m📈 Max tokens in an entry: 225[0m[0m
2025-05-26 15:31:38 | [  INFO  ] | [32m[32m📉 Min tokens in an entry: 75[0m[0m
2025-05-26 15:31:38 | [  INFO  ] | [32m[32m🧮 Total tokens: 119783[0m[0m
2025-05-26 15:31:38 | [  INFO  ] | [32m[32m==================================================[0m[0m
2025-05-26 15:31:38 | [  INFO  ] | [32m[32m🔢 Average tokens per entry: 148.29[0m[0m
2025-05-26 15:31:38 | [  INFO  ] | [32m[32m📈 Max tokens in an entry: 225[0m[0m
2025-05-26 15:31:38 | [  INFO  ] | [32m[32m📉 Min tokens in an entry: 76[0m[0m
2025-05-26 15:31:38 | [  INFO  ] | [32m[32m🧮 Total tokens: 118636[0m[0m
