2025-05-26 15:29:39 | [  INFO  ] | [32m[32mStarting generating 25 iterations of dataset with each containing 800 conversations[0m[0m
2025-05-26 15:29:48 | [  INFO  ] | [32m[32m==================================================[0m[0m
2025-05-26 15:29:49 | [  INFO  ] | [32m[32m🔢 Average tokens per entry: 149.61[0m[0m
2025-05-26 15:29:49 | [  INFO  ] | [32m[32m📈 Max tokens in an entry: 226[0m[0m
2025-05-26 15:29:49 | [  INFO  ] | [32m[32m📉 Min tokens in an entry: 75[0m[0m
2025-05-26 15:29:49 | [  INFO  ] | [32m[32m🧮 Total tokens: 119685[0m[0m
2025-05-26 15:29:49 | [  INFO  ] | [32m[32m==================================================[0m[0m
2025-05-26 15:29:49 | [  INFO  ] | [32m[32m==================================================[0m[0m
2025-05-26 15:29:49 | [  INFO  ] | [32m[32m🔢 Average tokens per entry: 153.05[0m[0m
2025-05-26 15:29:49 | [  INFO  ] | [32m[32m📈 Max tokens in an entry: 225[0m[0m
2025-05-26 15:29:49 | [  INFO  ] | [32m[32m📉 Min tokens in an entry: 75[0m[0m
2025-05-26 15:29:49 | [  INFO  ] | [32m[32m🧮 Total tokens: 122443[0m[0m
2025-05-26 15:29:49 | [  INFO  ] | [32m[32m==================================================[0m[0m
2025-05-26 15:29:49 | [  INFO  ] | [32m[32m==================================================[0m[0m
2025-05-26 15:29:49 | [  INFO  ] | [32m[32m🔢 Average tokens per entry: 152.70[0m[0m
2025-05-26 15:29:49 | [  INFO  ] | [32m[32m📈 Max tokens in an entry: 226[0m[0m
2025-05-26 15:29:49 | [  INFO  ] | [32m[32m📉 Min tokens in an entry: 76[0m[0m
2025-05-26 15:29:49 | [  INFO  ] | [32m[32m🧮 Total tokens: 122158[0m[0m
2025-05-26 15:29:49 | [  INFO  ] | [32m[32m==================================================[0m[0m
2025-05-26 15:29:49 | [  INFO  ] | [32m[32m==================================================[0m[0m
2025-05-26 15:29:49 | [  INFO  ] | [32m[32m🔢 Average tokens per entry: 151.83[0m[0m
2025-05-26 15:29:49 | [  INFO  ] | [32m[32m📈 Max tokens in an entry: 225[0m[0m
2025-05-26 15:29:49 | [  INFO  ] | [32m[32m📉 Min tokens in an entry: 75[0m[0m
2025-05-26 15:29:49 | [  INFO  ] | [32m[32m🧮 Total tokens: 121464[0m[0m
2025-05-26 15:29:49 | [  INFO  ] | [32m[32m==================================================[0m[0m
2025-05-26 15:29:49 | [  INFO  ] | [32m[32m==================================================[0m[0m
2025-05-26 15:29:49 | [  INFO  ] | [32m[32m🔢 Average tokens per entry: 150.48[0m[0m
2025-05-26 15:29:49 | [  INFO  ] | [32m[32m📈 Max tokens in an entry: 225[0m[0m
2025-05-26 15:29:49 | [  INFO  ] | [32m[32m📉 Min tokens in an entry: 76[0m[0m
2025-05-26 15:29:49 | [  INFO  ] | [32m[32m🧮 Total tokens: 120381[0m[0m
2025-05-26 15:29:49 | [  INFO  ] | [32m[32m==================================================[0m[0m
2025-05-26 15:29:49 | [  INFO  ] | [32m[32m==================================================[0m[0m
2025-05-26 15:29:49 | [  INFO  ] | [32m[32m🔢 Average tokens per entry: 151.02[0m[0m
2025-05-26 15:29:49 | [  INFO  ] | [32m[32m📈 Max tokens in an entry: 226[0m[0m
2025-05-26 15:29:49 | [  INFO  ] | [32m[32m📉 Min tokens in an entry: 75[0m[0m
2025-05-26 15:29:49 | [  INFO  ] | [32m[32m🧮 Total tokens: 120815[0m[0m
2025-05-26 15:29:49 | [  INFO  ] | [32m[32m==================================================[0m[0m
2025-05-26 15:29:49 | [  INFO  ] | [32m[32m==================================================[0m[0m
2025-05-26 15:29:49 | [  INFO  ] | [32m[32m🔢 Average tokens per entry: 151.27[0m[0m
2025-05-26 15:29:49 | [  INFO  ] | [32m[32m📈 Max tokens in an entry: 225[0m[0m
2025-05-26 15:29:49 | [  INFO  ] | [32m[32m📉 Min tokens in an entry: 76[0m[0m
2025-05-26 15:29:49 | [  INFO  ] | [32m[32m🧮 Total tokens: 121015[0m[0m
2025-05-26 15:29:49 | [  INFO  ] | [32m[32m==================================================[0m[0m
2025-05-26 15:29:49 | [  INFO  ] | [32m[32m==================================================[0m[0m
2025-05-26 15:29:49 | [  INFO  ] | [32m[32m🔢 Average tokens per entry: 152.50[0m[0m
2025-05-26 15:29:49 | [  INFO  ] | [32m[32m📈 Max tokens in an entry: 226[0m[0m
2025-05-26 15:29:49 | [  INFO  ] | [32m[32m📉 Min tokens in an entry: 75[0m[0m
2025-05-26 15:29:49 | [  INFO  ] | [32m[32m🧮 Total tokens: 121999[0m[0m
2025-05-26 15:29:49 | [  INFO  ] | [32m[32m==================================================[0m[0m
2025-05-26 15:29:49 | [  INFO  ] | [32m[32m==================================================[0m[0m
2025-05-26 15:29:49 | [  INFO  ] | [32m[32m🔢 Average tokens per entry: 150.89[0m[0m
2025-05-26 15:29:49 | [  INFO  ] | [32m[32m📈 Max tokens in an entry: 226[0m[0m
2025-05-26 15:29:49 | [  INFO  ] | [32m[32m📉 Min tokens in an entry: 75[0m[0m
2025-05-26 15:29:49 | [  INFO  ] | [32m[32m🧮 Total tokens: 120714[0m[0m
2025-05-26 15:29:49 | [  INFO  ] | [32m[32m==================================================[0m[0m
2025-05-26 15:29:49 | [  INFO  ] | [32m[32m==================================================[0m[0m
2025-05-26 15:29:49 | [  INFO  ] | [32m[32m🔢 Average tokens per entry: 152.28[0m[0m
2025-05-26 15:29:49 | [  INFO  ] | [32m[32m📈 Max tokens in an entry: 226[0m[0m
2025-05-26 15:29:49 | [  INFO  ] | [32m[32m📉 Min tokens in an entry: 76[0m[0m
2025-05-26 15:29:49 | [  INFO  ] | [32m[32m🧮 Total tokens: 121825[0m[0m
2025-05-26 15:29:49 | [  INFO  ] | [32m[32m==================================================[0m[0m
2025-05-26 15:29:49 | [  INFO  ] | [32m[32m==================================================[0m[0m
2025-05-26 15:29:49 | [  INFO  ] | [32m[32m🔢 Average tokens per entry: 151.72[0m[0m
2025-05-26 15:29:49 | [  INFO  ] | [32m[32m📈 Max tokens in an entry: 225[0m[0m
2025-05-26 15:29:49 | [  INFO  ] | [32m[32m📉 Min tokens in an entry: 77[0m[0m
2025-05-26 15:29:49 | [  INFO  ] | [32m[32m🧮 Total tokens: 121376[0m[0m
2025-05-26 15:29:49 | [  INFO  ] | [32m[32m==================================================[0m[0m
2025-05-26 15:29:49 | [  INFO  ] | [32m[32m==================================================[0m[0m
2025-05-26 15:29:49 | [  INFO  ] | [32m[32m🔢 Average tokens per entry: 150.01[0m[0m
2025-05-26 15:29:49 | [  INFO  ] | [32m[32m📈 Max tokens in an entry: 226[0m[0m
2025-05-26 15:29:49 | [  INFO  ] | [32m[32m📉 Min tokens in an entry: 76[0m[0m
2025-05-26 15:29:49 | [  INFO  ] | [32m[32m🧮 Total tokens: 120006[0m[0m
2025-05-26 15:29:49 | [  INFO  ] | [32m[32m==================================================[0m[0m
2025-05-26 15:29:49 | [  INFO  ] | [32m[32m==================================================[0m[0m
2025-05-26 15:29:50 | [  INFO  ] | [32m[32m🔢 Average tokens per entry: 150.77[0m[0m
2025-05-26 15:29:50 | [  INFO  ] | [32m[32m📈 Max tokens in an entry: 225[0m[0m
2025-05-26 15:29:50 | [  INFO  ] | [32m[32m📉 Min tokens in an entry: 75[0m[0m
2025-05-26 15:29:50 | [  INFO  ] | [32m[32m🧮 Total tokens: 120617[0m[0m
2025-05-26 15:29:50 | [  INFO  ] | [32m[32m==================================================[0m[0m
2025-05-26 15:29:50 | [  INFO  ] | [32m[32m==================================================[0m[0m
2025-05-26 15:29:50 | [  INFO  ] | [32m[32m🔢 Average tokens per entry: 149.60[0m[0m
2025-05-26 15:29:50 | [  INFO  ] | [32m[32m📈 Max tokens in an entry: 225[0m[0m
2025-05-26 15:29:50 | [  INFO  ] | [32m[32m📉 Min tokens in an entry: 76[0m[0m
2025-05-26 15:29:50 | [  INFO  ] | [32m[32m🧮 Total tokens: 119678[0m[0m
2025-05-26 15:29:50 | [  INFO  ] | [32m[32m==================================================[0m[0m
2025-05-26 15:29:50 | [  INFO  ] | [32m[32m==================================================[0m[0m
2025-05-26 15:29:50 | [  INFO  ] | [32m[32m🔢 Average tokens per entry: 151.78[0m[0m
2025-05-26 15:29:50 | [  INFO  ] | [32m[32m📈 Max tokens in an entry: 225[0m[0m
2025-05-26 15:29:50 | [  INFO  ] | [32m[32m📉 Min tokens in an entry: 76[0m[0m
2025-05-26 15:29:50 | [  INFO  ] | [32m[32m🧮 Total tokens: 121428[0m[0m
2025-05-26 15:29:50 | [  INFO  ] | [32m[32m==================================================[0m[0m
2025-05-26 15:29:50 | [  INFO  ] | [32m[32m==================================================[0m[0m
2025-05-26 15:29:50 | [  INFO  ] | [32m[32m🔢 Average tokens per entry: 151.06[0m[0m
2025-05-26 15:29:50 | [  INFO  ] | [32m[32m📈 Max tokens in an entry: 225[0m[0m
2025-05-26 15:29:50 | [  INFO  ] | [32m[32m📉 Min tokens in an entry: 75[0m[0m
2025-05-26 15:29:50 | [  INFO  ] | [32m[32m🧮 Total tokens: 120852[0m[0m
2025-05-26 15:29:50 | [  INFO  ] | [32m[32m==================================================[0m[0m
2025-05-26 15:29:50 | [  INFO  ] | [32m[32m==================================================[0m[0m
2025-05-26 15:29:50 | [  INFO  ] | [32m[32m🔢 Average tokens per entry: 150.64[0m[0m
2025-05-26 15:29:50 | [  INFO  ] | [32m[32m📈 Max tokens in an entry: 225[0m[0m
2025-05-26 15:29:50 | [  INFO  ] | [32m[32m📉 Min tokens in an entry: 76[0m[0m
2025-05-26 15:29:50 | [  INFO  ] | [32m[32m🧮 Total tokens: 120512[0m[0m
2025-05-26 15:29:50 | [  INFO  ] | [32m[32m==================================================[0m[0m
2025-05-26 15:29:50 | [  INFO  ] | [32m[32m==================================================[0m[0m
2025-05-26 15:29:50 | [  INFO  ] | [32m[32m🔢 Average tokens per entry: 150.39[0m[0m
2025-05-26 15:29:50 | [  INFO  ] | [32m[32m📈 Max tokens in an entry: 226[0m[0m
2025-05-26 15:29:50 | [  INFO  ] | [32m[32m📉 Min tokens in an entry: 75[0m[0m
2025-05-26 15:29:50 | [  INFO  ] | [32m[32m🧮 Total tokens: 120309[0m[0m
2025-05-26 15:29:50 | [  INFO  ] | [32m[32m==================================================[0m[0m
2025-05-26 15:29:50 | [  INFO  ] | [32m[32m==================================================[0m[0m
2025-05-26 15:29:50 | [  INFO  ] | [32m[32m🔢 Average tokens per entry: 152.35[0m[0m
2025-05-26 15:29:50 | [  INFO  ] | [32m[32m📈 Max tokens in an entry: 226[0m[0m
2025-05-26 15:29:50 | [  INFO  ] | [32m[32m📉 Min tokens in an entry: 76[0m[0m
2025-05-26 15:29:50 | [  INFO  ] | [32m[32m🧮 Total tokens: 121881[0m[0m
2025-05-26 15:29:50 | [  INFO  ] | [32m[32m==================================================[0m[0m
2025-05-26 15:29:50 | [  INFO  ] | [32m[32m==================================================[0m[0m
2025-05-26 15:29:50 | [  INFO  ] | [32m[32m🔢 Average tokens per entry: 151.24[0m[0m
2025-05-26 15:29:50 | [  INFO  ] | [32m[32m📈 Max tokens in an entry: 226[0m[0m
2025-05-26 15:29:50 | [  INFO  ] | [32m[32m📉 Min tokens in an entry: 75[0m[0m
2025-05-26 15:29:50 | [  INFO  ] | [32m[32m🧮 Total tokens: 120990[0m[0m
2025-05-26 15:29:50 | [  INFO  ] | [32m[32m==================================================[0m[0m
2025-05-26 15:29:50 | [  INFO  ] | [32m[32m==================================================[0m[0m
2025-05-26 15:29:50 | [  INFO  ] | [32m[32m🔢 Average tokens per entry: 150.55[0m[0m
2025-05-26 15:29:50 | [  INFO  ] | [32m[32m📈 Max tokens in an entry: 226[0m[0m
2025-05-26 15:29:50 | [  INFO  ] | [32m[32m📉 Min tokens in an entry: 76[0m[0m
2025-05-26 15:29:50 | [  INFO  ] | [32m[32m🧮 Total tokens: 120437[0m[0m
2025-05-26 15:29:50 | [  INFO  ] | [32m[32m==================================================[0m[0m
2025-05-26 15:29:50 | [  INFO  ] | [32m[32m==================================================[0m[0m
2025-05-26 15:29:50 | [  INFO  ] | [32m[32m🔢 Average tokens per entry: 149.46[0m[0m
2025-05-26 15:29:50 | [  INFO  ] | [32m[32m📈 Max tokens in an entry: 225[0m[0m
2025-05-26 15:29:50 | [  INFO  ] | [32m[32m📉 Min tokens in an entry: 76[0m[0m
2025-05-26 15:29:50 | [  INFO  ] | [32m[32m🧮 Total tokens: 119566[0m[0m
2025-05-26 15:29:50 | [  INFO  ] | [32m[32m==================================================[0m[0m
2025-05-26 15:29:50 | [  INFO  ] | [32m[32m==================================================[0m[0m
2025-05-26 15:29:50 | [  INFO  ] | [32m[32m🔢 Average tokens per entry: 149.89[0m[0m
2025-05-26 15:29:50 | [  INFO  ] | [32m[32m📈 Max tokens in an entry: 226[0m[0m
2025-05-26 15:29:50 | [  INFO  ] | [32m[32m📉 Min tokens in an entry: 76[0m[0m
2025-05-26 15:29:50 | [  INFO  ] | [32m[32m🧮 Total tokens: 119912[0m[0m
2025-05-26 15:29:50 | [  INFO  ] | [32m[32m==================================================[0m[0m
2025-05-26 15:29:50 | [  INFO  ] | [32m[32m==================================================[0m[0m
2025-05-26 15:29:50 | [  INFO  ] | [32m[32m🔢 Average tokens per entry: 151.95[0m[0m
2025-05-26 15:29:50 | [  INFO  ] | [32m[32m📈 Max tokens in an entry: 225[0m[0m
2025-05-26 15:29:50 | [  INFO  ] | [32m[32m📉 Min tokens in an entry: 76[0m[0m
2025-05-26 15:29:50 | [  INFO  ] | [32m[32m🧮 Total tokens: 121562[0m[0m
2025-05-26 15:29:50 | [  INFO  ] | [32m[32m==================================================[0m[0m
2025-05-26 15:29:50 | [  INFO  ] | [32m[32m==================================================[0m[0m
2025-05-26 15:29:50 | [  INFO  ] | [32m[32m🔢 Average tokens per entry: 146.29[0m[0m
2025-05-26 15:29:50 | [  INFO  ] | [32m[32m📈 Max tokens in an entry: 225[0m[0m
2025-05-26 15:29:50 | [  INFO  ] | [32m[32m📉 Min tokens in an entry: 76[0m[0m
2025-05-26 15:29:50 | [  INFO  ] | [32m[32m🧮 Total tokens: 117035[0m[0m
2025-05-26 15:29:50 | [  INFO  ] | [32m[32m==================================================[0m[0m
