2025-05-26 15:53:54 | [  INFO  ] | [32m[32mStarting generating 40 iterations of dataset with each containing 500 conversations[0m[0m
2025-05-26 15:54:07 | [  INFO  ] | [32m[32m==================================================[0m[0m
2025-05-26 15:54:07 | [  INFO  ] | [32m[32m🔢 Average tokens per entry: 150.56[0m[0m
2025-05-26 15:54:07 | [  INFO  ] | [32m[32m📈 Max tokens in an entry: 225[0m[0m
2025-05-26 15:54:07 | [  INFO  ] | [32m[32m📉 Min tokens in an entry: 76[0m[0m
2025-05-26 15:54:07 | [  INFO  ] | [32m[32m🧮 Total tokens: 75280[0m[0m
2025-05-26 15:54:07 | [  INFO  ] | [32m[32m==================================================[0m[0m
2025-05-26 15:54:07 | [  INFO  ] | [32m[32m🔢 Average tokens per entry: 152.06[0m[0m
2025-05-26 15:54:07 | [  INFO  ] | [32m[32m📈 Max tokens in an entry: 224[0m[0m
2025-05-26 15:54:07 | [  INFO  ] | [32m[32m📉 Min tokens in an entry: 76[0m[0m
2025-05-26 15:54:07 | [  INFO  ] | [32m[32m🧮 Total tokens: 76028[0m[0m
2025-05-26 15:54:07 | [  INFO  ] | [32m[32m==================================================[0m[0m
2025-05-26 15:54:07 | [  INFO  ] | [32m[32m🔢 Average tokens per entry: 151.35[0m[0m
2025-05-26 15:54:07 | [  INFO  ] | [32m[32m📈 Max tokens in an entry: 225[0m[0m
2025-05-26 15:54:07 | [  INFO  ] | [32m[32m📉 Min tokens in an entry: 75[0m[0m
2025-05-26 15:54:07 | [  INFO  ] | [32m[32m🧮 Total tokens: 75677[0m[0m
2025-05-26 15:54:07 | [  INFO  ] | [32m[32m==================================================[0m[0m
2025-05-26 15:54:07 | [  INFO  ] | [32m[32m🔢 Average tokens per entry: 149.37[0m[0m
2025-05-26 15:54:07 | [  INFO  ] | [32m[32m📈 Max tokens in an entry: 226[0m[0m
2025-05-26 15:54:07 | [  INFO  ] | [32m[32m📉 Min tokens in an entry: 76[0m[0m
2025-05-26 15:54:07 | [  INFO  ] | [32m[32m🧮 Total tokens: 74686[0m[0m
2025-05-26 15:54:07 | [  INFO  ] | [32m[32m==================================================[0m[0m
2025-05-26 15:54:07 | [  INFO  ] | [32m[32m🔢 Average tokens per entry: 150.38[0m[0m
2025-05-26 15:54:07 | [  INFO  ] | [32m[32m📈 Max tokens in an entry: 224[0m[0m
2025-05-26 15:54:07 | [  INFO  ] | [32m[32m📉 Min tokens in an entry: 76[0m[0m
2025-05-26 15:54:07 | [  INFO  ] | [32m[32m🧮 Total tokens: 75192[0m[0m
2025-05-26 15:54:07 | [  INFO  ] | [32m[32m==================================================[0m[0m
2025-05-26 15:54:07 | [  INFO  ] | [32m[32m🔢 Average tokens per entry: 148.77[0m[0m
2025-05-26 15:54:07 | [  INFO  ] | [32m[32m📈 Max tokens in an entry: 225[0m[0m
2025-05-26 15:54:07 | [  INFO  ] | [32m[32m📉 Min tokens in an entry: 76[0m[0m
2025-05-26 15:54:07 | [  INFO  ] | [32m[32m🧮 Total tokens: 74386[0m[0m
2025-05-26 15:54:07 | [  INFO  ] | [32m[32m==================================================[0m[0m
2025-05-26 15:54:07 | [  INFO  ] | [32m[32m🔢 Average tokens per entry: 148.43[0m[0m
2025-05-26 15:54:07 | [  INFO  ] | [32m[32m📈 Max tokens in an entry: 225[0m[0m
2025-05-26 15:54:07 | [  INFO  ] | [32m[32m📉 Min tokens in an entry: 76[0m[0m
2025-05-26 15:54:07 | [  INFO  ] | [32m[32m🧮 Total tokens: 74215[0m[0m
2025-05-26 15:54:07 | [  INFO  ] | [32m[32m==================================================[0m[0m
2025-05-26 15:54:07 | [  INFO  ] | [32m[32m🔢 Average tokens per entry: 148.36[0m[0m
2025-05-26 15:54:07 | [  INFO  ] | [32m[32m📈 Max tokens in an entry: 225[0m[0m
2025-05-26 15:54:07 | [  INFO  ] | [32m[32m📉 Min tokens in an entry: 75[0m[0m
2025-05-26 15:54:07 | [  INFO  ] | [32m[32m🧮 Total tokens: 74178[0m[0m
2025-05-26 15:54:07 | [  INFO  ] | [32m[32m==================================================[0m[0m
2025-05-26 15:54:07 | [  INFO  ] | [32m[32m🔢 Average tokens per entry: 149.42[0m[0m
2025-05-26 15:54:07 | [  INFO  ] | [32m[32m📈 Max tokens in an entry: 225[0m[0m
2025-05-26 15:54:07 | [  INFO  ] | [32m[32m📉 Min tokens in an entry: 76[0m[0m
2025-05-26 15:54:07 | [  INFO  ] | [32m[32m🧮 Total tokens: 74712[0m[0m
2025-05-26 15:54:07 | [  INFO  ] | [32m[32m==================================================[0m[0m
2025-05-26 15:54:07 | [  INFO  ] | [32m[32m🔢 Average tokens per entry: 150.33[0m[0m
2025-05-26 15:54:07 | [  INFO  ] | [32m[32m📈 Max tokens in an entry: 226[0m[0m
2025-05-26 15:54:07 | [  INFO  ] | [32m[32m📉 Min tokens in an entry: 76[0m[0m
2025-05-26 15:54:07 | [  INFO  ] | [32m[32m🧮 Total tokens: 75164[0m[0m
2025-05-26 15:54:07 | [  INFO  ] | [32m[32m==================================================[0m[0m
2025-05-26 15:54:07 | [  INFO  ] | [32m[32m🔢 Average tokens per entry: 149.51[0m[0m
2025-05-26 15:54:07 | [  INFO  ] | [32m[32m📈 Max tokens in an entry: 225[0m[0m
2025-05-26 15:54:07 | [  INFO  ] | [32m[32m📉 Min tokens in an entry: 76[0m[0m
2025-05-26 15:54:07 | [  INFO  ] | [32m[32m🧮 Total tokens: 74753[0m[0m
2025-05-26 15:54:07 | [  INFO  ] | [32m[32m==================================================[0m[0m
2025-05-26 15:54:07 | [  INFO  ] | [32m[32m🔢 Average tokens per entry: 149.43[0m[0m
2025-05-26 15:54:07 | [  INFO  ] | [32m[32m📈 Max tokens in an entry: 225[0m[0m
2025-05-26 15:54:07 | [  INFO  ] | [32m[32m📉 Min tokens in an entry: 76[0m[0m
2025-05-26 15:54:07 | [  INFO  ] | [32m[32m🧮 Total tokens: 74714[0m[0m
2025-05-26 15:54:07 | [  INFO  ] | [32m[32m==================================================[0m[0m
2025-05-26 15:54:07 | [  INFO  ] | [32m[32m🔢 Average tokens per entry: 152.24[0m[0m
2025-05-26 15:54:07 | [  INFO  ] | [32m[32m📈 Max tokens in an entry: 225[0m[0m
2025-05-26 15:54:07 | [  INFO  ] | [32m[32m📉 Min tokens in an entry: 76[0m[0m
2025-05-26 15:54:07 | [  INFO  ] | [32m[32m🧮 Total tokens: 76118[0m[0m
2025-05-26 15:54:07 | [  INFO  ] | [32m[32m==================================================[0m[0m
2025-05-26 15:54:07 | [  INFO  ] | [32m[32m🔢 Average tokens per entry: 149.98[0m[0m
2025-05-26 15:54:07 | [  INFO  ] | [32m[32m📈 Max tokens in an entry: 225[0m[0m
2025-05-26 15:54:07 | [  INFO  ] | [32m[32m📉 Min tokens in an entry: 76[0m[0m
2025-05-26 15:54:07 | [  INFO  ] | [32m[32m🧮 Total tokens: 74992[0m[0m
2025-05-26 15:54:07 | [  INFO  ] | [32m[32m==================================================[0m[0m
2025-05-26 15:54:07 | [  INFO  ] | [32m[32m🔢 Average tokens per entry: 149.79[0m[0m
2025-05-26 15:54:07 | [  INFO  ] | [32m[32m📈 Max tokens in an entry: 225[0m[0m
2025-05-26 15:54:07 | [  INFO  ] | [32m[32m📉 Min tokens in an entry: 76[0m[0m
2025-05-26 15:54:07 | [  INFO  ] | [32m[32m🧮 Total tokens: 74895[0m[0m
2025-05-26 15:54:07 | [  INFO  ] | [32m[32m==================================================[0m[0m
2025-05-26 15:54:07 | [  INFO  ] | [32m[32m🔢 Average tokens per entry: 150.61[0m[0m
2025-05-26 15:54:07 | [  INFO  ] | [32m[32m📈 Max tokens in an entry: 225[0m[0m
2025-05-26 15:54:07 | [  INFO  ] | [32m[32m📉 Min tokens in an entry: 76[0m[0m
2025-05-26 15:54:07 | [  INFO  ] | [32m[32m🧮 Total tokens: 75303[0m[0m
2025-05-26 15:54:07 | [  INFO  ] | [32m[32m==================================================[0m[0m
2025-05-26 15:54:07 | [  INFO  ] | [32m[32m🔢 Average tokens per entry: 147.95[0m[0m
2025-05-26 15:54:07 | [  INFO  ] | [32m[32m📈 Max tokens in an entry: 225[0m[0m
2025-05-26 15:54:07 | [  INFO  ] | [32m[32m📉 Min tokens in an entry: 76[0m[0m
2025-05-26 15:54:07 | [  INFO  ] | [32m[32m🧮 Total tokens: 73973[0m[0m
2025-05-26 15:54:07 | [  INFO  ] | [32m[32m==================================================[0m[0m
2025-05-26 15:54:07 | [  INFO  ] | [32m[32m🔢 Average tokens per entry: 150.28[0m[0m
2025-05-26 15:54:07 | [  INFO  ] | [32m[32m📈 Max tokens in an entry: 225[0m[0m
2025-05-26 15:54:07 | [  INFO  ] | [32m[32m📉 Min tokens in an entry: 76[0m[0m
2025-05-26 15:54:07 | [  INFO  ] | [32m[32m🧮 Total tokens: 75140[0m[0m
2025-05-26 15:54:07 | [  INFO  ] | [32m[32m==================================================[0m[0m
2025-05-26 15:54:07 | [  INFO  ] | [32m[32m🔢 Average tokens per entry: 148.74[0m[0m
2025-05-26 15:54:07 | [  INFO  ] | [32m[32m📈 Max tokens in an entry: 226[0m[0m
2025-05-26 15:54:07 | [  INFO  ] | [32m[32m📉 Min tokens in an entry: 76[0m[0m
2025-05-26 15:54:07 | [  INFO  ] | [32m[32m🧮 Total tokens: 74369[0m[0m
2025-05-26 15:54:07 | [  INFO  ] | [32m[32m==================================================[0m[0m
2025-05-26 15:54:07 | [  INFO  ] | [32m[32m🔢 Average tokens per entry: 151.10[0m[0m
2025-05-26 15:54:07 | [  INFO  ] | [32m[32m📈 Max tokens in an entry: 224[0m[0m
2025-05-26 15:54:07 | [  INFO  ] | [32m[32m📉 Min tokens in an entry: 76[0m[0m
2025-05-26 15:54:07 | [  INFO  ] | [32m[32m🧮 Total tokens: 75551[0m[0m
2025-05-26 15:54:07 | [  INFO  ] | [32m[32m==================================================[0m[0m
2025-05-26 15:54:07 | [  INFO  ] | [32m[32m🔢 Average tokens per entry: 152.73[0m[0m
2025-05-26 15:54:07 | [  INFO  ] | [32m[32m📈 Max tokens in an entry: 225[0m[0m
2025-05-26 15:54:07 | [  INFO  ] | [32m[32m📉 Min tokens in an entry: 76[0m[0m
2025-05-26 15:54:07 | [  INFO  ] | [32m[32m🧮 Total tokens: 76365[0m[0m
2025-05-26 15:54:07 | [  INFO  ] | [32m[32m==================================================[0m[0m
2025-05-26 15:54:07 | [  INFO  ] | [32m[32m🔢 Average tokens per entry: 149.25[0m[0m
2025-05-26 15:54:07 | [  INFO  ] | [32m[32m📈 Max tokens in an entry: 225[0m[0m
2025-05-26 15:54:07 | [  INFO  ] | [32m[32m📉 Min tokens in an entry: 76[0m[0m
2025-05-26 15:54:07 | [  INFO  ] | [32m[32m🧮 Total tokens: 74627[0m[0m
2025-05-26 15:54:07 | [  INFO  ] | [32m[32m==================================================[0m[0m
2025-05-26 15:54:07 | [  INFO  ] | [32m[32m🔢 Average tokens per entry: 152.70[0m[0m
2025-05-26 15:54:07 | [  INFO  ] | [32m[32m📈 Max tokens in an entry: 225[0m[0m
2025-05-26 15:54:07 | [  INFO  ] | [32m[32m📉 Min tokens in an entry: 75[0m[0m
2025-05-26 15:54:07 | [  INFO  ] | [32m[32m🧮 Total tokens: 76350[0m[0m
2025-05-26 15:54:07 | [  INFO  ] | [32m[32m==================================================[0m[0m
2025-05-26 15:54:07 | [  INFO  ] | [32m[32m🔢 Average tokens per entry: 150.02[0m[0m
2025-05-26 15:54:07 | [  INFO  ] | [32m[32m📈 Max tokens in an entry: 225[0m[0m
2025-05-26 15:54:07 | [  INFO  ] | [32m[32m📉 Min tokens in an entry: 76[0m[0m
2025-05-26 15:54:07 | [  INFO  ] | [32m[32m🧮 Total tokens: 75008[0m[0m
2025-05-26 15:54:07 | [  INFO  ] | [32m[32m==================================================[0m[0m
2025-05-26 15:54:07 | [  INFO  ] | [32m[32m🔢 Average tokens per entry: 149.08[0m[0m
2025-05-26 15:54:07 | [  INFO  ] | [32m[32m📈 Max tokens in an entry: 226[0m[0m
2025-05-26 15:54:07 | [  INFO  ] | [32m[32m📉 Min tokens in an entry: 76[0m[0m
2025-05-26 15:54:07 | [  INFO  ] | [32m[32m🧮 Total tokens: 74539[0m[0m
2025-05-26 15:54:07 | [  INFO  ] | [32m[32m==================================================[0m[0m
2025-05-26 15:54:07 | [  INFO  ] | [32m[32m🔢 Average tokens per entry: 147.21[0m[0m
2025-05-26 15:54:07 | [  INFO  ] | [32m[32m📈 Max tokens in an entry: 225[0m[0m
2025-05-26 15:54:07 | [  INFO  ] | [32m[32m📉 Min tokens in an entry: 76[0m[0m
2025-05-26 15:54:07 | [  INFO  ] | [32m[32m🧮 Total tokens: 73604[0m[0m
2025-05-26 15:54:07 | [  INFO  ] | [32m[32m==================================================[0m[0m
2025-05-26 15:54:07 | [  INFO  ] | [32m[32m🔢 Average tokens per entry: 151.43[0m[0m
2025-05-26 15:54:07 | [  INFO  ] | [32m[32m📈 Max tokens in an entry: 224[0m[0m
2025-05-26 15:54:07 | [  INFO  ] | [32m[32m📉 Min tokens in an entry: 76[0m[0m
2025-05-26 15:54:07 | [  INFO  ] | [32m[32m🧮 Total tokens: 75714[0m[0m
2025-05-26 15:54:07 | [  INFO  ] | [32m[32m==================================================[0m[0m
2025-05-26 15:54:07 | [  INFO  ] | [32m[32m🔢 Average tokens per entry: 150.07[0m[0m
2025-05-26 15:54:07 | [  INFO  ] | [32m[32m📈 Max tokens in an entry: 225[0m[0m
2025-05-26 15:54:07 | [  INFO  ] | [32m[32m📉 Min tokens in an entry: 77[0m[0m
2025-05-26 15:54:07 | [  INFO  ] | [32m[32m🧮 Total tokens: 75035[0m[0m
2025-05-26 15:54:07 | [  INFO  ] | [32m[32m==================================================[0m[0m
2025-05-26 15:54:07 | [  INFO  ] | [32m[32m🔢 Average tokens per entry: 149.74[0m[0m
2025-05-26 15:54:07 | [  INFO  ] | [32m[32m📈 Max tokens in an entry: 225[0m[0m
2025-05-26 15:54:07 | [  INFO  ] | [32m[32m📉 Min tokens in an entry: 77[0m[0m
2025-05-26 15:54:07 | [  INFO  ] | [32m[32m🧮 Total tokens: 74869[0m[0m
2025-05-26 15:54:07 | [  INFO  ] | [32m[32m==================================================[0m[0m
2025-05-26 15:54:07 | [  INFO  ] | [32m[32m🔢 Average tokens per entry: 146.13[0m[0m
2025-05-26 15:54:07 | [  INFO  ] | [32m[32m📈 Max tokens in an entry: 225[0m[0m
2025-05-26 15:54:07 | [  INFO  ] | [32m[32m📉 Min tokens in an entry: 75[0m[0m
2025-05-26 15:54:07 | [  INFO  ] | [32m[32m🧮 Total tokens: 73067[0m[0m
2025-05-26 15:54:07 | [  INFO  ] | [32m[32m==================================================[0m[0m
2025-05-26 15:54:07 | [  INFO  ] | [32m[32m🔢 Average tokens per entry: 151.10[0m[0m
2025-05-26 15:54:07 | [  INFO  ] | [32m[32m📈 Max tokens in an entry: 225[0m[0m
2025-05-26 15:54:07 | [  INFO  ] | [32m[32m📉 Min tokens in an entry: 79[0m[0m
2025-05-26 15:54:07 | [  INFO  ] | [32m[32m🧮 Total tokens: 75551[0m[0m
2025-05-26 15:54:07 | [  INFO  ] | [32m[32m==================================================[0m[0m
2025-05-26 15:54:07 | [  INFO  ] | [32m[32m🔢 Average tokens per entry: 149.44[0m[0m
2025-05-26 15:54:07 | [  INFO  ] | [32m[32m📈 Max tokens in an entry: 225[0m[0m
2025-05-26 15:54:07 | [  INFO  ] | [32m[32m📉 Min tokens in an entry: 75[0m[0m
2025-05-26 15:54:07 | [  INFO  ] | [32m[32m🧮 Total tokens: 74721[0m[0m
2025-05-26 15:54:07 | [  INFO  ] | [32m[32m==================================================[0m[0m
2025-05-26 15:54:07 | [  INFO  ] | [32m[32m🔢 Average tokens per entry: 148.73[0m[0m
2025-05-26 15:54:07 | [  INFO  ] | [32m[32m📈 Max tokens in an entry: 224[0m[0m
2025-05-26 15:54:07 | [  INFO  ] | [32m[32m📉 Min tokens in an entry: 76[0m[0m
2025-05-26 15:54:07 | [  INFO  ] | [32m[32m🧮 Total tokens: 74365[0m[0m
2025-05-26 15:54:07 | [  INFO  ] | [32m[32m==================================================[0m[0m
2025-05-26 15:54:07 | [  INFO  ] | [32m[32m🔢 Average tokens per entry: 148.94[0m[0m
2025-05-26 15:54:07 | [  INFO  ] | [32m[32m📈 Max tokens in an entry: 225[0m[0m
2025-05-26 15:54:07 | [  INFO  ] | [32m[32m📉 Min tokens in an entry: 76[0m[0m
2025-05-26 15:54:07 | [  INFO  ] | [32m[32m🧮 Total tokens: 74468[0m[0m
2025-05-26 15:54:07 | [  INFO  ] | [32m[32m==================================================[0m[0m
2025-05-26 15:54:07 | [  INFO  ] | [32m[32m🔢 Average tokens per entry: 149.99[0m[0m
2025-05-26 15:54:07 | [  INFO  ] | [32m[32m📈 Max tokens in an entry: 225[0m[0m
2025-05-26 15:54:07 | [  INFO  ] | [32m[32m📉 Min tokens in an entry: 76[0m[0m
2025-05-26 15:54:07 | [  INFO  ] | [32m[32m🧮 Total tokens: 74993[0m[0m
2025-05-26 15:54:07 | [  INFO  ] | [32m[32m==================================================[0m[0m
2025-05-26 15:54:07 | [  INFO  ] | [32m[32m🔢 Average tokens per entry: 149.14[0m[0m
2025-05-26 15:54:07 | [  INFO  ] | [32m[32m📈 Max tokens in an entry: 225[0m[0m
2025-05-26 15:54:07 | [  INFO  ] | [32m[32m📉 Min tokens in an entry: 76[0m[0m
2025-05-26 15:54:07 | [  INFO  ] | [32m[32m🧮 Total tokens: 74569[0m[0m
2025-05-26 15:54:07 | [  INFO  ] | [32m[32m==================================================[0m[0m
2025-05-26 15:54:07 | [  INFO  ] | [32m[32m🔢 Average tokens per entry: 153.08[0m[0m
2025-05-26 15:54:07 | [  INFO  ] | [32m[32m📈 Max tokens in an entry: 225[0m[0m
2025-05-26 15:54:07 | [  INFO  ] | [32m[32m📉 Min tokens in an entry: 76[0m[0m
2025-05-26 15:54:07 | [  INFO  ] | [32m[32m🧮 Total tokens: 76540[0m[0m
2025-05-26 15:54:07 | [  INFO  ] | [32m[32m==================================================[0m[0m
2025-05-26 15:54:07 | [  INFO  ] | [32m[32m🔢 Average tokens per entry: 148.17[0m[0m
2025-05-26 15:54:07 | [  INFO  ] | [32m[32m📈 Max tokens in an entry: 225[0m[0m
2025-05-26 15:54:07 | [  INFO  ] | [32m[32m📉 Min tokens in an entry: 76[0m[0m
2025-05-26 15:54:07 | [  INFO  ] | [32m[32m🧮 Total tokens: 74087[0m[0m
2025-05-26 15:54:07 | [  INFO  ] | [32m[32m==================================================[0m[0m
2025-05-26 15:54:07 | [  INFO  ] | [32m[32m🔢 Average tokens per entry: 153.64[0m[0m
2025-05-26 15:54:07 | [  INFO  ] | [32m[32m📈 Max tokens in an entry: 225[0m[0m
2025-05-26 15:54:07 | [  INFO  ] | [32m[32m📉 Min tokens in an entry: 76[0m[0m
2025-05-26 15:54:07 | [  INFO  ] | [32m[32m🧮 Total tokens: 76821[0m[0m
2025-05-26 15:54:07 | [  INFO  ] | [32m[32m==================================================[0m[0m
2025-05-26 15:54:07 | [  INFO  ] | [32m[32m🔢 Average tokens per entry: 147.77[0m[0m
2025-05-26 15:54:07 | [  INFO  ] | [32m[32m📈 Max tokens in an entry: 224[0m[0m
2025-05-26 15:54:07 | [  INFO  ] | [32m[32m📉 Min tokens in an entry: 76[0m[0m
2025-05-26 15:54:07 | [  INFO  ] | [32m[32m🧮 Total tokens: 73885[0m[0m
2025-05-26 15:54:07 | [  INFO  ] | [32m[32mThe maximum total tokens in all the generated predatasets are: 76821[0m[0m
